# JRE version: OpenJDK Runtime Environment (11.0.17+8) (build 11.0.17+8-post-Ubuntu-1ubuntu218.04)
# Java VM: OpenJDK 64-Bit Server VM (11.0.17+8-post-Ubuntu-1ubuntu218.04, mixed mode, sharing, tiered, compressed oops, serial gc, linux-amd64)
Heap:
 def new generation   total 104448K, used 21091K [0x00000000e0c00000, 0x00000000e7d50000, 0x00000000eb2a0000)
  eden space 92864K,  21% used [0x00000000e0c00000, 0x00000000e1fed0f0, 0x00000000e66b0000)
  from space 11584K,   5% used [0x00000000e66b0000, 0x00000000e675bb28, 0x00000000e7200000)
  to   space 11584K,   0% used [0x00000000e7200000, 0x00000000e7200000, 0x00000000e7d50000)
 tenured generation   total 231856K, used 139111K [0x00000000eb2a0000, 0x00000000f950c000, 0x0000000100000000)
   the space 231856K,  59% used [0x00000000eb2a0000, 0x00000000f3a79de8, 0x00000000f3a79e00, 0x00000000f950c000)
 Metaspace       used 87690K, capacity 94532K, committed 95128K, reserved 1132544K
  class space    used 9690K, capacity 11915K, committed 12032K, reserved 1048576K
GC Heap History (20 events):
Event: 238.947 GC heap before
{Heap before GC invocations=57 (full 6):
 def new generation   total 81984K, used 77348K [0x00000000e0c00000, 0x00000000e64f0000, 0x00000000eb2a0000)
  eden space 72896K, 100% used [0x00000000e0c00000, 0x00000000e5330000, 0x00000000e5330000)
  from space 9088K,  48% used [0x00000000e5c10000, 0x00000000e6069050, 0x00000000e64f0000)
  to   space 9088K,   0% used [0x00000000e5330000, 0x00000000e5330000, 0x00000000e5c10000)
 tenured generation   total 181948K, used 180137K [0x00000000eb2a0000, 0x00000000f644f000, 0x0000000100000000)
   the space 181948K,  99% used [0x00000000eb2a0000, 0x00000000f628a770, 0x00000000f628a800, 0x00000000f644f000)
 Metaspace       used 86718K, capacity 93426K, committed 93720K, reserved 1130496K
  class space    used 9632K, capacity 11846K, committed 11904K, reserved 1048576K
}
Event: 238.964 GC heap after
{Heap after GC invocations=58 (full 6):
 def new generation   total 81984K, used 4190K [0x00000000e0c00000, 0x00000000e64f0000, 0x00000000eb2a0000)
  eden space 72896K,   0% used [0x00000000e0c00000, 0x00000000e0c00000, 0x00000000e5330000)
  from space 9088K,  46% used [0x00000000e5330000, 0x00000000e5747910, 0x00000000e5c10000)
  to   space 9088K,   0% used [0x00000000e5c10000, 0x00000000e5c10000, 0x00000000e64f0000)
 tenured generation   total 181948K, used 180137K [0x00000000eb2a0000, 0x00000000f644f000, 0x0000000100000000)
   the space 181948K,  99% used [0x00000000eb2a0000, 0x00000000f628a770, 0x00000000f628a800, 0x00000000f644f000)
 Metaspace       used 86718K, capacity 93426K, committed 93720K, reserved 1130496K
  class space    used 9632K, capacity 11846K, committed 11904K, reserved 1048576K
}
Event: 245.084 GC heap before
{Heap before GC invocations=58 (full 6):
 def new generation   total 81984K, used 77086K [0x00000000e0c00000, 0x00000000e64f0000, 0x00000000eb2a0000)
  eden space 72896K, 100% used [0x00000000e0c00000, 0x00000000e5330000, 0x00000000e5330000)
  from space 9088K,  46% used [0x00000000e5330000, 0x00000000e5747910, 0x00000000e5c10000)
  to   space 9088K,   0% used [0x00000000e5c10000, 0x00000000e5c10000, 0x00000000e64f0000)
 tenured generation   total 181948K, used 180137K [0x00000000eb2a0000, 0x00000000f644f000, 0x0000000100000000)
   the space 181948K,  99% used [0x00000000eb2a0000, 0x00000000f628a770, 0x00000000f628a800, 0x00000000f644f000)
 Metaspace       used 86835K, capacity 93558K, committed 93976K, reserved 1132544K
  class space    used 9635K, capacity 11847K, committed 11904K, reserved 1048576K
}
Event: 245.099 GC heap after
{Heap after GC invocations=59 (full 6):
 def new generation   total 81984K, used 4287K [0x00000000e0c00000, 0x00000000e64f0000, 0x00000000eb2a0000)
  eden space 72896K,   0% used [0x00000000e0c00000, 0x00000000e0c00000, 0x00000000e5330000)
  from space 9088K,  47% used [0x00000000e5c10000, 0x00000000e603fdc0, 0x00000000e64f0000)
  to   space 9088K,   0% used [0x00000000e5330000, 0x00000000e5330000, 0x00000000e5c10000)
 tenured generation   total 181948K, used 180137K [0x00000000eb2a0000, 0x00000000f644f000, 0x0000000100000000)
   the space 181948K,  99% used [0x00000000eb2a0000, 0x00000000f628a770, 0x00000000f628a800, 0x00000000f644f000)
 Metaspace       used 86835K, capacity 93558K, committed 93976K, reserved 1132544K
  class space    used 9635K, capacity 11847K, committed 11904K, reserved 1048576K
}
Event: 249.811 GC heap before
{Heap before GC invocations=59 (full 6):
 def new generation   total 81984K, used 77183K [0x00000000e0c00000, 0x00000000e64f0000, 0x00000000eb2a0000)
  eden space 72896K, 100% used [0x00000000e0c00000, 0x00000000e5330000, 0x00000000e5330000)
  from space 9088K,  47% used [0x00000000e5c10000, 0x00000000e603fdc0, 0x00000000e64f0000)
  to   space 9088K,   0% used [0x00000000e5330000, 0x00000000e5330000, 0x00000000e5c10000)
 tenured generation   total 181948K, used 180137K [0x00000000eb2a0000, 0x00000000f644f000, 0x0000000100000000)
   the space 181948K,  99% used [0x00000000eb2a0000, 0x00000000f628a770, 0x00000000f628a800, 0x00000000f644f000)
 Metaspace       used 86856K, capacity 93558K, committed 93976K, reserved 1132544K
  class space    used 9635K, capacity 11847K, committed 11904K, reserved 1048576K
}
Event: 249.826 GC heap after
{Heap after GC invocations=60 (full 6):
 def new generation   total 81984K, used 4916K [0x00000000e0c00000, 0x00000000e64f0000, 0x00000000eb2a0000)
  eden space 72896K,   0% used [0x00000000e0c00000, 0x00000000e0c00000, 0x00000000e5330000)
  from space 9088K,  54% used [0x00000000e5330000, 0x00000000e57fd0b8, 0x00000000e5c10000)
  to   space 9088K,   0% used [0x00000000e5c10000, 0x00000000e5c10000, 0x00000000e64f0000)
 tenured generation   total 181948K, used 180137K [0x00000000eb2a0000, 0x00000000f644f000, 0x0000000100000000)
   the space 181948K,  99% used [0x00000000eb2a0000, 0x00000000f628a770, 0x00000000f628a800, 0x00000000f644f000)
 Metaspace       used 86856K, capacity 93558K, committed 93976K, reserved 1132544K
  class space    used 9635K, capacity 11847K, committed 11904K, reserved 1048576K
}
Event: 253.657 GC heap before
{Heap before GC invocations=60 (full 6):
 def new generation   total 81984K, used 77812K [0x00000000e0c00000, 0x00000000e64f0000, 0x00000000eb2a0000)
  eden space 72896K, 100% used [0x00000000e0c00000, 0x00000000e5330000, 0x00000000e5330000)
  from space 9088K,  54% used [0x00000000e5330000, 0x00000000e57fd0b8, 0x00000000e5c10000)
  to   space 9088K,   0% used [0x00000000e5c10000, 0x00000000e5c10000, 0x00000000e64f0000)
 tenured generation   total 181948K, used 180137K [0x00000000eb2a0000, 0x00000000f644f000, 0x0000000100000000)
   the space 181948K,  99% used [0x00000000eb2a0000, 0x00000000f628a770, 0x00000000f628a800, 0x00000000f644f000)
 Metaspace       used 86876K, capacity 93686K, committed 94232K, reserved 1132544K
  class space    used 9635K, capacity 11847K, committed 11904K, reserved 1048576K
}
Event: 253.674 GC heap after
{Heap after GC invocations=61 (full 6):
 def new generation   total 81984K, used 4298K [0x00000000e0c00000, 0x00000000e64f0000, 0x00000000eb2a0000)
  eden space 72896K,   0% used [0x00000000e0c00000, 0x00000000e0c00000, 0x00000000e5330000)
  from space 9088K,  47% used [0x00000000e5c10000, 0x00000000e6042af8, 0x00000000e64f0000)
  to   space 9088K,   0% used [0x00000000e5330000, 0x00000000e5330000, 0x00000000e5c10000)
 tenured generation   total 181948K, used 180883K [0x00000000eb2a0000, 0x00000000f644f000, 0x0000000100000000)
   the space 181948K,  99% used [0x00000000eb2a0000, 0x00000000f6344f90, 0x00000000f6345000, 0x00000000f644f000)
 Metaspace       used 86876K, capacity 93686K, committed 94232K, reserved 1132544K
  class space    used 9635K, capacity 11847K, committed 11904K, reserved 1048576K
}
Event: 313.060 GC heap before
{Heap before GC invocations=61 (full 6):
 def new generation   total 81984K, used 77194K [0x00000000e0c00000, 0x00000000e64f0000, 0x00000000eb2a0000)
  eden space 72896K, 100% used [0x00000000e0c00000, 0x00000000e5330000, 0x00000000e5330000)
  from space 9088K,  47% used [0x00000000e5c10000, 0x00000000e6042af8, 0x00000000e64f0000)
  to   space 9088K,   0% used [0x00000000e5330000, 0x00000000e5330000, 0x00000000e5c10000)
 tenured generation   total 181948K, used 180883K [0x00000000eb2a0000, 0x00000000f644f000, 0x0000000100000000)
   the space 181948K,  99% used [0x00000000eb2a0000, 0x00000000f6344f90, 0x00000000f6345000, 0x00000000f644f000)
 Metaspace       used 87450K, capacity 94297K, committed 94744K, reserved 1132544K
  class space    used 9673K, capacity 11880K, committed 11904K, reserved 1048576K
}
Event: 313.089 GC heap after
{Heap after GC invocations=62 (full 6):
 def new generation   total 81984K, used 6339K [0x00000000e0c00000, 0x00000000e64f0000, 0x00000000eb2a0000)
  eden space 72896K,   0% used [0x00000000e0c00000, 0x00000000e0c00000, 0x00000000e5330000)
  from space 9088K,  69% used [0x00000000e5330000, 0x00000000e5960f30, 0x00000000e5c10000)
  to   space 9088K,   0% used [0x00000000e5c10000, 0x00000000e5c10000, 0x00000000e64f0000)
 tenured generation   total 181948K, used 180883K [0x00000000eb2a0000, 0x00000000f644f000, 0x0000000100000000)
   the space 181948K,  99% used [0x00000000eb2a0000, 0x00000000f6344f90, 0x00000000f6345000, 0x00000000f644f000)
 Metaspace       used 87450K, capacity 94297K, committed 94744K, reserved 1132544K
  class space    used 9673K, capacity 11880K, committed 11904K, reserved 1048576K
}
Event: 385.672 GC heap before
{Heap before GC invocations=62 (full 6):
 def new generation   total 81984K, used 79235K [0x00000000e0c00000, 0x00000000e64f0000, 0x00000000eb2a0000)
  eden space 72896K, 100% used [0x00000000e0c00000, 0x00000000e5330000, 0x00000000e5330000)
  from space 9088K,  69% used [0x00000000e5330000, 0x00000000e5960f30, 0x00000000e5c10000)
  to   space 9088K,   0% used [0x00000000e5c10000, 0x00000000e5c10000, 0x00000000e64f0000)
 tenured generation   total 181948K, used 180883K [0x00000000eb2a0000, 0x00000000f644f000, 0x0000000100000000)
   the space 181948K,  99% used [0x00000000eb2a0000, 0x00000000f6344f90, 0x00000000f6345000, 0x00000000f644f000)
 Metaspace       used 87646K, capacity 94530K, committed 95128K, reserved 1132544K
  class space    used 9690K, capacity 11915K, committed 12032K, reserved 1048576K
}
Event: 386.102 GC heap after
{Heap after GC invocations=63 (full 7):
 def new generation   total 104448K, used 0K [0x00000000e0c00000, 0x00000000e7d50000, 0x00000000eb2a0000)
  eden space 92864K,   0% used [0x00000000e0c00000, 0x00000000e0c00000, 0x00000000e66b0000)
  from space 11584K,   0% used [0x00000000e66b0000, 0x00000000e66b0000, 0x00000000e7200000)
  to   space 11584K,   0% used [0x00000000e7200000, 0x00000000e7200000, 0x00000000e7d50000)
 tenured generation   total 231856K, used 139111K [0x00000000eb2a0000, 0x00000000f950c000, 0x0000000100000000)
   the space 231856K,  59% used [0x00000000eb2a0000, 0x00000000f3a79de8, 0x00000000f3a79e00, 0x00000000f950c000)
 Metaspace       used 87646K, capacity 94530K, committed 95128K, reserved 1132544K
  class space    used 9690K, capacity 11915K, committed 12032K, reserved 1048576K
}
Event: 482.676 GC heap before
{Heap before GC invocations=63 (full 7):
 def new generation   total 104448K, used 92864K [0x00000000e0c00000, 0x00000000e7d50000, 0x00000000eb2a0000)
  eden space 92864K, 100% used [0x00000000e0c00000, 0x00000000e66b0000, 0x00000000e66b0000)
  from space 11584K,   0% used [0x00000000e66b0000, 0x00000000e66b0000, 0x00000000e7200000)
  to   space 11584K,   0% used [0x00000000e7200000, 0x00000000e7200000, 0x00000000e7d50000)
 tenured generation   total 231856K, used 139111K [0x00000000eb2a0000, 0x00000000f950c000, 0x0000000100000000)
   the space 231856K,  59% used [0x00000000eb2a0000, 0x00000000f3a79de8, 0x00000000f3a79e00, 0x00000000f950c000)
 Metaspace       used 87683K, capacity 94532K, committed 95128K, reserved 1132544K
  class space    used 9690K, capacity 11915K, committed 12032K, reserved 1048576K
}
Event: 482.681 GC heap after
{Heap after GC invocations=64 (full 7):
 def new generation   total 104448K, used 408K [0x00000000e0c00000, 0x00000000e7d50000, 0x00000000eb2a0000)
  eden space 92864K,   0% used [0x00000000e0c00000, 0x00000000e0c00000, 0x00000000e66b0000)
  from space 11584K,   3% used [0x00000000e7200000, 0x00000000e7266020, 0x00000000e7d50000)
  to   space 11584K,   0% used [0x00000000e66b0000, 0x00000000e66b0000, 0x00000000e7200000)
 tenured generation   total 231856K, used 139111K [0x00000000eb2a0000, 0x00000000f950c000, 0x0000000100000000)
   the space 231856K,  59% used [0x00000000eb2a0000, 0x00000000f3a79de8, 0x00000000f3a79e00, 0x00000000f950c000)
 Metaspace       used 87683K, capacity 94532K, committed 95128K, reserved 1132544K
  class space    used 9690K, capacity 11915K, committed 12032K, reserved 1048576K
}
Event: 556.108 GC heap before
{Heap before GC invocations=64 (full 7):
 def new generation   total 104448K, used 93272K [0x00000000e0c00000, 0x00000000e7d50000, 0x00000000eb2a0000)
  eden space 92864K, 100% used [0x00000000e0c00000, 0x00000000e66b0000, 0x00000000e66b0000)
  from space 11584K,   3% used [0x00000000e7200000, 0x00000000e7266020, 0x00000000e7d50000)
  to   space 11584K,   0% used [0x00000000e66b0000, 0x00000000e66b0000, 0x00000000e7200000)
 tenured generation   total 231856K, used 139111K [0x00000000eb2a0000, 0x00000000f950c000, 0x0000000100000000)
   the space 231856K,  59% used [0x00000000eb2a0000, 0x00000000f3a79de8, 0x00000000f3a79e00, 0x00000000f950c000)
 Metaspace       used 87683K, capacity 94532K, committed 95128K, reserved 1132544K
  class space    used 9690K, capacity 11915K, committed 12032K, reserved 1048576K
}
Event: 556.111 GC heap after
{Heap after GC invocations=65 (full 7):
 def new generation   total 104448K, used 658K [0x00000000e0c00000, 0x00000000e7d50000, 0x00000000eb2a0000)
  eden space 92864K,   0% used [0x00000000e0c00000, 0x00000000e0c00000, 0x00000000e66b0000)
  from space 11584K,   5% used [0x00000000e66b0000, 0x00000000e6754a38, 0x00000000e7200000)
  to   space 11584K,   0% used [0x00000000e7200000, 0x00000000e7200000, 0x00000000e7d50000)
 tenured generation   total 231856K, used 139111K [0x00000000eb2a0000, 0x00000000f950c000, 0x0000000100000000)
   the space 231856K,  59% used [0x00000000eb2a0000, 0x00000000f3a79de8, 0x00000000f3a79e00, 0x00000000f950c000)
 Metaspace       used 87683K, capacity 94532K, committed 95128K, reserved 1132544K
  class space    used 9690K, capacity 11915K, committed 12032K, reserved 1048576K
}
Event: 629.470 GC heap before
{Heap before GC invocations=65 (full 7):
 def new generation   total 104448K, used 93522K [0x00000000e0c00000, 0x00000000e7d50000, 0x00000000eb2a0000)
  eden space 92864K, 100% used [0x00000000e0c00000, 0x00000000e66b0000, 0x00000000e66b0000)
  from space 11584K,   5% used [0x00000000e66b0000, 0x00000000e6754a38, 0x00000000e7200000)
  to   space 11584K,   0% used [0x00000000e7200000, 0x00000000e7200000, 0x00000000e7d50000)
 tenured generation   total 231856K, used 139111K [0x00000000eb2a0000, 0x00000000f950c000, 0x0000000100000000)
   the space 231856K,  59% used [0x00000000eb2a0000, 0x00000000f3a79de8, 0x00000000f3a79e00, 0x00000000f950c000)
 Metaspace       used 87689K, capacity 94532K, committed 95128K, reserved 1132544K
  class space    used 9690K, capacity 11915K, committed 12032K, reserved 1048576K
}
Event: 629.473 GC heap after
{Heap after GC invocations=66 (full 7):
 def new generation   total 104448K, used 552K [0x00000000e0c00000, 0x00000000e7d50000, 0x00000000eb2a0000)
  eden space 92864K,   0% used [0x00000000e0c00000, 0x00000000e0c00000, 0x00000000e66b0000)
  from space 11584K,   4% used [0x00000000e7200000, 0x00000000e728a180, 0x00000000e7d50000)
  to   space 11584K,   0% used [0x00000000e66b0000, 0x00000000e66b0000, 0x00000000e7200000)
 tenured generation   total 231856K, used 139111K [0x00000000eb2a0000, 0x00000000f950c000, 0x0000000100000000)
   the space 231856K,  59% used [0x00000000eb2a0000, 0x00000000f3a79de8, 0x00000000f3a79e00, 0x00000000f950c000)
 Metaspace       used 87689K, capacity 94532K, committed 95128K, reserved 1132544K
  class space    used 9690K, capacity 11915K, committed 12032K, reserved 1048576K
}
Event: 702.843 GC heap before
{Heap before GC invocations=66 (full 7):
 def new generation   total 104448K, used 93416K [0x00000000e0c00000, 0x00000000e7d50000, 0x00000000eb2a0000)
  eden space 92864K, 100% used [0x00000000e0c00000, 0x00000000e66b0000, 0x00000000e66b0000)
  from space 11584K,   4% used [0x00000000e7200000, 0x00000000e728a180, 0x00000000e7d50000)
  to   space 11584K,   0% used [0x00000000e66b0000, 0x00000000e66b0000, 0x00000000e7200000)
 tenured generation   total 231856K, used 139111K [0x00000000eb2a0000, 0x00000000f950c000, 0x0000000100000000)
   the space 231856K,  59% used [0x00000000eb2a0000, 0x00000000f3a79de8, 0x00000000f3a79e00, 0x00000000f950c000)
 Metaspace       used 87690K, capacity 94532K, committed 95128K, reserved 1132544K
  class space    used 9690K, capacity 11915K, committed 12032K, reserved 1048576K
}
Event: 702.846 GC heap after
{Heap after GC invocations=67 (full 7):
 def new generation   total 104448K, used 686K [0x00000000e0c00000, 0x00000000e7d50000, 0x00000000eb2a0000)
  eden space 92864K,   0% used [0x00000000e0c00000, 0x00000000e0c00000, 0x00000000e66b0000)
  from space 11584K,   5% used [0x00000000e66b0000, 0x00000000e675bb28, 0x00000000e7200000)
  to   space 11584K,   0% used [0x00000000e7200000, 0x00000000e7200000, 0x00000000e7d50000)
 tenured generation   total 231856K, used 139111K [0x00000000eb2a0000, 0x00000000f950c000, 0x0000000100000000)
   the space 231856K,  59% used [0x00000000eb2a0000, 0x00000000f3a79de8, 0x00000000f3a79e00, 0x00000000f950c000)
 Metaspace       used 87690K, capacity 94532K, committed 95128K, reserved 1132544K
  class space    used 9690K, capacity 11915K, committed 12032K, reserved 1048576K
}

