# JRE version: OpenJDK Runtime Environment (11.0.17+8) (build 11.0.17+8-post-Ubuntu-1ubuntu218.04)
# Java VM: OpenJDK 64-Bit Server VM (11.0.17+8-post-Ubuntu-1ubuntu218.04, mixed mode, sharing, tiered, compressed oops, serial gc, linux-amd64)
Heap:
 def new generation   total 109376K, used 99660K [0x00000000e0c00000, 0x00000000e82a0000, 0x00000000eb2a0000)
  eden space 97280K,  97% used [0x00000000e0c00000, 0x00000000e68c3100, 0x00000000e6b00000)
  from space 12096K,  38% used [0x00000000e6b00000, 0x00000000e6f90280, 0x00000000e76d0000)
  to   space 12096K,   0% used [0x00000000e76d0000, 0x00000000e76d0000, 0x00000000e82a0000)
 tenured generation   total 242736K, used 150487K [0x00000000eb2a0000, 0x00000000f9fac000, 0x0000000100000000)
   the space 242736K,  61% used [0x00000000eb2a0000, 0x00000000f4595f88, 0x00000000f4596000, 0x00000000f9fac000)
 Metaspace       used 95509K, capacity 102739K, committed 103192K, reserved 1140736K
  class space    used 10447K, capacity 12804K, committed 12928K, reserved 1048576K
GC Heap History (20 events):
Event: 1795.498 GC heap before
{Heap before GC invocations=93 (full 7):
 def new generation   total 109376K, used 103001K [0x00000000e0c00000, 0x00000000e82a0000, 0x00000000eb2a0000)
  eden space 97280K, 100% used [0x00000000e0c00000, 0x00000000e6b00000, 0x00000000e6b00000)
  from space 12096K,  47% used [0x00000000e6b00000, 0x00000000e7096668, 0x00000000e76d0000)
  to   space 12096K,   0% used [0x00000000e76d0000, 0x00000000e76d0000, 0x00000000e82a0000)
 tenured generation   total 242736K, used 145640K [0x00000000eb2a0000, 0x00000000f9fac000, 0x0000000100000000)
   the space 242736K,  59% used [0x00000000eb2a0000, 0x00000000f40da0c8, 0x00000000f40da200, 0x00000000f9fac000)
 Metaspace       used 94886K, capacity 102108K, committed 102680K, reserved 1138688K
  class space    used 10391K, capacity 12758K, committed 12928K, reserved 1048576K
}
Event: 1795.513 GC heap after
{Heap after GC invocations=94 (full 7):
 def new generation   total 109376K, used 5206K [0x00000000e0c00000, 0x00000000e82a0000, 0x00000000eb2a0000)
  eden space 97280K,   0% used [0x00000000e0c00000, 0x00000000e0c00000, 0x00000000e6b00000)
  from space 12096K,  43% used [0x00000000e76d0000, 0x00000000e7be5ae8, 0x00000000e82a0000)
  to   space 12096K,   0% used [0x00000000e6b00000, 0x00000000e6b00000, 0x00000000e76d0000)
 tenured generation   total 242736K, used 145640K [0x00000000eb2a0000, 0x00000000f9fac000, 0x0000000100000000)
   the space 242736K,  59% used [0x00000000eb2a0000, 0x00000000f40da0c8, 0x00000000f40da200, 0x00000000f9fac000)
 Metaspace       used 94886K, capacity 102108K, committed 102680K, reserved 1138688K
  class space    used 10391K, capacity 12758K, committed 12928K, reserved 1048576K
}
Event: 1876.761 GC heap before
{Heap before GC invocations=94 (full 7):
 def new generation   total 109376K, used 102486K [0x00000000e0c00000, 0x00000000e82a0000, 0x00000000eb2a0000)
  eden space 97280K, 100% used [0x00000000e0c00000, 0x00000000e6b00000, 0x00000000e6b00000)
  from space 12096K,  43% used [0x00000000e76d0000, 0x00000000e7be5ae8, 0x00000000e82a0000)
  to   space 12096K,   0% used [0x00000000e6b00000, 0x00000000e6b00000, 0x00000000e76d0000)
 tenured generation   total 242736K, used 145640K [0x00000000eb2a0000, 0x00000000f9fac000, 0x0000000100000000)
   the space 242736K,  59% used [0x00000000eb2a0000, 0x00000000f40da0c8, 0x00000000f40da200, 0x00000000f9fac000)
 Metaspace       used 94890K, capacity 102108K, committed 102680K, reserved 1138688K
  class space    used 10391K, capacity 12758K, committed 12928K, reserved 1048576K
}
Event: 1876.774 GC heap after
{Heap after GC invocations=95 (full 7):
 def new generation   total 109376K, used 4955K [0x00000000e0c00000, 0x00000000e82a0000, 0x00000000eb2a0000)
  eden space 97280K,   0% used [0x00000000e0c00000, 0x00000000e0c00000, 0x00000000e6b00000)
  from space 12096K,  40% used [0x00000000e6b00000, 0x00000000e6fd6fc0, 0x00000000e76d0000)
  to   space 12096K,   0% used [0x00000000e76d0000, 0x00000000e76d0000, 0x00000000e82a0000)
 tenured generation   total 242736K, used 145640K [0x00000000eb2a0000, 0x00000000f9fac000, 0x0000000100000000)
   the space 242736K,  59% used [0x00000000eb2a0000, 0x00000000f40da0c8, 0x00000000f40da200, 0x00000000f9fac000)
 Metaspace       used 94890K, capacity 102108K, committed 102680K, reserved 1138688K
  class space    used 10391K, capacity 12758K, committed 12928K, reserved 1048576K
}
Event: 1958.143 GC heap before
{Heap before GC invocations=95 (full 7):
 def new generation   total 109376K, used 102235K [0x00000000e0c00000, 0x00000000e82a0000, 0x00000000eb2a0000)
  eden space 97280K, 100% used [0x00000000e0c00000, 0x00000000e6b00000, 0x00000000e6b00000)
  from space 12096K,  40% used [0x00000000e6b00000, 0x00000000e6fd6fc0, 0x00000000e76d0000)
  to   space 12096K,   0% used [0x00000000e76d0000, 0x00000000e76d0000, 0x00000000e82a0000)
 tenured generation   total 242736K, used 145640K [0x00000000eb2a0000, 0x00000000f9fac000, 0x0000000100000000)
   the space 242736K,  59% used [0x00000000eb2a0000, 0x00000000f40da0c8, 0x00000000f40da200, 0x00000000f9fac000)
 Metaspace       used 94894K, capacity 102108K, committed 102680K, reserved 1138688K
  class space    used 10391K, capacity 12758K, committed 12928K, reserved 1048576K
}
Event: 1958.160 GC heap after
{Heap after GC invocations=96 (full 7):
 def new generation   total 109376K, used 4980K [0x00000000e0c00000, 0x00000000e82a0000, 0x00000000eb2a0000)
  eden space 97280K,   0% used [0x00000000e0c00000, 0x00000000e0c00000, 0x00000000e6b00000)
  from space 12096K,  41% used [0x00000000e76d0000, 0x00000000e7bad3f8, 0x00000000e82a0000)
  to   space 12096K,   0% used [0x00000000e6b00000, 0x00000000e6b00000, 0x00000000e76d0000)
 tenured generation   total 242736K, used 145640K [0x00000000eb2a0000, 0x00000000f9fac000, 0x0000000100000000)
   the space 242736K,  59% used [0x00000000eb2a0000, 0x00000000f40da0c8, 0x00000000f40da200, 0x00000000f9fac000)
 Metaspace       used 94894K, capacity 102108K, committed 102680K, reserved 1138688K
  class space    used 10391K, capacity 12758K, committed 12928K, reserved 1048576K
}
Event: 2031.465 GC heap before
{Heap before GC invocations=96 (full 7):
 def new generation   total 109376K, used 102260K [0x00000000e0c00000, 0x00000000e82a0000, 0x00000000eb2a0000)
  eden space 97280K, 100% used [0x00000000e0c00000, 0x00000000e6b00000, 0x00000000e6b00000)
  from space 12096K,  41% used [0x00000000e76d0000, 0x00000000e7bad3f8, 0x00000000e82a0000)
  to   space 12096K,   0% used [0x00000000e6b00000, 0x00000000e6b00000, 0x00000000e76d0000)
 tenured generation   total 242736K, used 145640K [0x00000000eb2a0000, 0x00000000f9fac000, 0x0000000100000000)
   the space 242736K,  59% used [0x00000000eb2a0000, 0x00000000f40da0c8, 0x00000000f40da200, 0x00000000f9fac000)
 Metaspace       used 94899K, capacity 102108K, committed 102680K, reserved 1138688K
  class space    used 10391K, capacity 12758K, committed 12928K, reserved 1048576K
}
Event: 2031.497 GC heap after
{Heap after GC invocations=97 (full 7):
 def new generation   total 109376K, used 4771K [0x00000000e0c00000, 0x00000000e82a0000, 0x00000000eb2a0000)
  eden space 97280K,   0% used [0x00000000e0c00000, 0x00000000e0c00000, 0x00000000e6b00000)
  from space 12096K,  39% used [0x00000000e6b00000, 0x00000000e6fa8c98, 0x00000000e76d0000)
  to   space 12096K,   0% used [0x00000000e76d0000, 0x00000000e76d0000, 0x00000000e82a0000)
 tenured generation   total 242736K, used 145640K [0x00000000eb2a0000, 0x00000000f9fac000, 0x0000000100000000)
   the space 242736K,  59% used [0x00000000eb2a0000, 0x00000000f40da0c8, 0x00000000f40da200, 0x00000000f9fac000)
 Metaspace       used 94899K, capacity 102108K, committed 102680K, reserved 1138688K
  class space    used 10391K, capacity 12758K, committed 12928K, reserved 1048576K
}
Event: 2112.474 GC heap before
{Heap before GC invocations=97 (full 7):
 def new generation   total 109376K, used 102051K [0x00000000e0c00000, 0x00000000e82a0000, 0x00000000eb2a0000)
  eden space 97280K, 100% used [0x00000000e0c00000, 0x00000000e6b00000, 0x00000000e6b00000)
  from space 12096K,  39% used [0x00000000e6b00000, 0x00000000e6fa8c98, 0x00000000e76d0000)
  to   space 12096K,   0% used [0x00000000e76d0000, 0x00000000e76d0000, 0x00000000e82a0000)
 tenured generation   total 242736K, used 145640K [0x00000000eb2a0000, 0x00000000f9fac000, 0x0000000100000000)
   the space 242736K,  59% used [0x00000000eb2a0000, 0x00000000f40da0c8, 0x00000000f40da200, 0x00000000f9fac000)
 Metaspace       used 94907K, capacity 102109K, committed 102680K, reserved 1138688K
  class space    used 10391K, capacity 12758K, committed 12928K, reserved 1048576K
}
Event: 2112.486 GC heap after
{Heap after GC invocations=98 (full 7):
 def new generation   total 109376K, used 4270K [0x00000000e0c00000, 0x00000000e82a0000, 0x00000000eb2a0000)
  eden space 97280K,   0% used [0x00000000e0c00000, 0x00000000e0c00000, 0x00000000e6b00000)
  from space 12096K,  35% used [0x00000000e76d0000, 0x00000000e7afb968, 0x00000000e82a0000)
  to   space 12096K,   0% used [0x00000000e6b00000, 0x00000000e6b00000, 0x00000000e76d0000)
 tenured generation   total 242736K, used 145640K [0x00000000eb2a0000, 0x00000000f9fac000, 0x0000000100000000)
   the space 242736K,  59% used [0x00000000eb2a0000, 0x00000000f40da0c8, 0x00000000f40da200, 0x00000000f9fac000)
 Metaspace       used 94907K, capacity 102109K, committed 102680K, reserved 1138688K
  class space    used 10391K, capacity 12758K, committed 12928K, reserved 1048576K
}
Event: 2185.985 GC heap before
{Heap before GC invocations=98 (full 7):
 def new generation   total 109376K, used 101550K [0x00000000e0c00000, 0x00000000e82a0000, 0x00000000eb2a0000)
  eden space 97280K, 100% used [0x00000000e0c00000, 0x00000000e6b00000, 0x00000000e6b00000)
  from space 12096K,  35% used [0x00000000e76d0000, 0x00000000e7afb968, 0x00000000e82a0000)
  to   space 12096K,   0% used [0x00000000e6b00000, 0x00000000e6b00000, 0x00000000e76d0000)
 tenured generation   total 242736K, used 145640K [0x00000000eb2a0000, 0x00000000f9fac000, 0x0000000100000000)
   the space 242736K,  59% used [0x00000000eb2a0000, 0x00000000f40da0c8, 0x00000000f40da200, 0x00000000f9fac000)
 Metaspace       used 94911K, capacity 102109K, committed 102680K, reserved 1138688K
  class space    used 10391K, capacity 12758K, committed 12928K, reserved 1048576K
}
Event: 2186.004 GC heap after
{Heap after GC invocations=99 (full 7):
 def new generation   total 109376K, used 4596K [0x00000000e0c00000, 0x00000000e82a0000, 0x00000000eb2a0000)
  eden space 97280K,   0% used [0x00000000e0c00000, 0x00000000e0c00000, 0x00000000e6b00000)
  from space 12096K,  38% used [0x00000000e6b00000, 0x00000000e6f7d2c0, 0x00000000e76d0000)
  to   space 12096K,   0% used [0x00000000e76d0000, 0x00000000e76d0000, 0x00000000e82a0000)
 tenured generation   total 242736K, used 145932K [0x00000000eb2a0000, 0x00000000f9fac000, 0x0000000100000000)
   the space 242736K,  60% used [0x00000000eb2a0000, 0x00000000f4123300, 0x00000000f4123400, 0x00000000f9fac000)
 Metaspace       used 94911K, capacity 102109K, committed 102680K, reserved 1138688K
  class space    used 10391K, capacity 12758K, committed 12928K, reserved 1048576K
}
Event: 2268.647 GC heap before
{Heap before GC invocations=99 (full 7):
 def new generation   total 109376K, used 101876K [0x00000000e0c00000, 0x00000000e82a0000, 0x00000000eb2a0000)
  eden space 97280K, 100% used [0x00000000e0c00000, 0x00000000e6b00000, 0x00000000e6b00000)
  from space 12096K,  38% used [0x00000000e6b00000, 0x00000000e6f7d2c0, 0x00000000e76d0000)
  to   space 12096K,   0% used [0x00000000e76d0000, 0x00000000e76d0000, 0x00000000e82a0000)
 tenured generation   total 242736K, used 145932K [0x00000000eb2a0000, 0x00000000f9fac000, 0x0000000100000000)
   the space 242736K,  60% used [0x00000000eb2a0000, 0x00000000f4123300, 0x00000000f4123400, 0x00000000f9fac000)
 Metaspace       used 94924K, capacity 102110K, committed 102680K, reserved 1138688K
  class space    used 10391K, capacity 12758K, committed 12928K, reserved 1048576K
}
Event: 2268.659 GC heap after
{Heap after GC invocations=100 (full 7):
 def new generation   total 109376K, used 3587K [0x00000000e0c00000, 0x00000000e82a0000, 0x00000000eb2a0000)
  eden space 97280K,   0% used [0x00000000e0c00000, 0x00000000e0c00000, 0x00000000e6b00000)
  from space 12096K,  29% used [0x00000000e76d0000, 0x00000000e7a50e38, 0x00000000e82a0000)
  to   space 12096K,   0% used [0x00000000e6b00000, 0x00000000e6b00000, 0x00000000e76d0000)
 tenured generation   total 242736K, used 146433K [0x00000000eb2a0000, 0x00000000f9fac000, 0x0000000100000000)
   the space 242736K,  60% used [0x00000000eb2a0000, 0x00000000f41a0788, 0x00000000f41a0800, 0x00000000f9fac000)
 Metaspace       used 94924K, capacity 102110K, committed 102680K, reserved 1138688K
  class space    used 10391K, capacity 12758K, committed 12928K, reserved 1048576K
}
Event: 2293.847 GC heap before
{Heap before GC invocations=100 (full 7):
 def new generation   total 109376K, used 100867K [0x00000000e0c00000, 0x00000000e82a0000, 0x00000000eb2a0000)
  eden space 97280K, 100% used [0x00000000e0c00000, 0x00000000e6b00000, 0x00000000e6b00000)
  from space 12096K,  29% used [0x00000000e76d0000, 0x00000000e7a50e38, 0x00000000e82a0000)
  to   space 12096K,   0% used [0x00000000e6b00000, 0x00000000e6b00000, 0x00000000e76d0000)
 tenured generation   total 242736K, used 146433K [0x00000000eb2a0000, 0x00000000f9fac000, 0x0000000100000000)
   the space 242736K,  60% used [0x00000000eb2a0000, 0x00000000f41a0788, 0x00000000f41a0800, 0x00000000f9fac000)
 Metaspace       used 95201K, capacity 102408K, committed 102936K, reserved 1138688K
  class space    used 10415K, capacity 12766K, committed 12928K, reserved 1048576K
}
Event: 2293.868 GC heap after
{Heap after GC invocations=101 (full 7):
 def new generation   total 109376K, used 5786K [0x00000000e0c00000, 0x00000000e82a0000, 0x00000000eb2a0000)
  eden space 97280K,   0% used [0x00000000e0c00000, 0x00000000e0c00000, 0x00000000e6b00000)
  from space 12096K,  47% used [0x00000000e6b00000, 0x00000000e70a6ae8, 0x00000000e76d0000)
  to   space 12096K,   0% used [0x00000000e76d0000, 0x00000000e76d0000, 0x00000000e82a0000)
 tenured generation   total 242736K, used 146577K [0x00000000eb2a0000, 0x00000000f9fac000, 0x0000000100000000)
   the space 242736K,  60% used [0x00000000eb2a0000, 0x00000000f41c4500, 0x00000000f41c4600, 0x00000000f9fac000)
 Metaspace       used 95201K, capacity 102408K, committed 102936K, reserved 1138688K
  class space    used 10415K, capacity 12766K, committed 12928K, reserved 1048576K
}
Event: 2357.849 GC heap before
{Heap before GC invocations=101 (full 7):
 def new generation   total 109376K, used 103066K [0x00000000e0c00000, 0x00000000e82a0000, 0x00000000eb2a0000)
  eden space 97280K, 100% used [0x00000000e0c00000, 0x00000000e6b00000, 0x00000000e6b00000)
  from space 12096K,  47% used [0x00000000e6b00000, 0x00000000e70a6ae8, 0x00000000e76d0000)
  to   space 12096K,   0% used [0x00000000e76d0000, 0x00000000e76d0000, 0x00000000e82a0000)
 tenured generation   total 242736K, used 146577K [0x00000000eb2a0000, 0x00000000f9fac000, 0x0000000100000000)
   the space 242736K,  60% used [0x00000000eb2a0000, 0x00000000f41c4500, 0x00000000f41c4600, 0x00000000f9fac000)
 Metaspace       used 95250K, capacity 102472K, committed 102936K, reserved 1138688K
  class space    used 10415K, capacity 12766K, committed 12928K, reserved 1048576K
}
Event: 2357.870 GC heap after
{Heap after GC invocations=102 (full 7):
 def new generation   total 109376K, used 6756K [0x00000000e0c00000, 0x00000000e82a0000, 0x00000000eb2a0000)
  eden space 97280K,   0% used [0x00000000e0c00000, 0x00000000e0c00000, 0x00000000e6b00000)
  from space 12096K,  55% used [0x00000000e76d0000, 0x00000000e7d69108, 0x00000000e82a0000)
  to   space 12096K,   0% used [0x00000000e6b00000, 0x00000000e6b00000, 0x00000000e76d0000)
 tenured generation   total 242736K, used 146612K [0x00000000eb2a0000, 0x00000000f9fac000, 0x0000000100000000)
   the space 242736K,  60% used [0x00000000eb2a0000, 0x00000000f41cd328, 0x00000000f41cd400, 0x00000000f9fac000)
 Metaspace       used 95250K, capacity 102472K, committed 102936K, reserved 1138688K
  class space    used 10415K, capacity 12766K, committed 12928K, reserved 1048576K
}
Event: 2400.036 GC heap before
{Heap before GC invocations=102 (full 7):
 def new generation   total 109376K, used 104036K [0x00000000e0c00000, 0x00000000e82a0000, 0x00000000eb2a0000)
  eden space 97280K, 100% used [0x00000000e0c00000, 0x00000000e6b00000, 0x00000000e6b00000)
  from space 12096K,  55% used [0x00000000e76d0000, 0x00000000e7d69108, 0x00000000e82a0000)
  to   space 12096K,   0% used [0x00000000e6b00000, 0x00000000e6b00000, 0x00000000e76d0000)
 tenured generation   total 242736K, used 146612K [0x00000000eb2a0000, 0x00000000f9fac000, 0x0000000100000000)
   the space 242736K,  60% used [0x00000000eb2a0000, 0x00000000f41cd328, 0x00000000f41cd400, 0x00000000f9fac000)
 Metaspace       used 95294K, capacity 102475K, committed 102936K, reserved 1138688K
  class space    used 10415K, capacity 12766K, committed 12928K, reserved 1048576K
}
Event: 2400.067 GC heap after
{Heap after GC invocations=103 (full 7):
 def new generation   total 109376K, used 4672K [0x00000000e0c00000, 0x00000000e82a0000, 0x00000000eb2a0000)
  eden space 97280K,   0% used [0x00000000e0c00000, 0x00000000e0c00000, 0x00000000e6b00000)
  from space 12096K,  38% used [0x00000000e6b00000, 0x00000000e6f90280, 0x00000000e76d0000)
  to   space 12096K,   0% used [0x00000000e76d0000, 0x00000000e76d0000, 0x00000000e82a0000)
 tenured generation   total 242736K, used 150487K [0x00000000eb2a0000, 0x00000000f9fac000, 0x0000000100000000)
   the space 242736K,  61% used [0x00000000eb2a0000, 0x00000000f4595f88, 0x00000000f4596000, 0x00000000f9fac000)
 Metaspace       used 95294K, capacity 102475K, committed 102936K, reserved 1138688K
  class space    used 10415K, capacity 12766K, committed 12928K, reserved 1048576K
}

