# JRE version: OpenJDK Runtime Environment (11.0.17+8) (build 11.0.17+8-post-Ubuntu-1ubuntu218.04)
# Java VM: OpenJDK 64-Bit Server VM (11.0.17+8-post-Ubuntu-1ubuntu218.04, mixed mode, sharing, tiered, compressed oops, serial gc, linux-amd64)
Heap:
 def new generation   total 54272K, used 34935K [0x00000000e0c00000, 0x00000000e46e0000, 0x00000000eb2a0000)
  eden space 48256K,  67% used [0x00000000e0c00000, 0x00000000e2bbc790, 0x00000000e3b20000)
  from space 6016K,  40% used [0x00000000e4100000, 0x00000000e4361680, 0x00000000e46e0000)
  to   space 6016K,   0% used [0x00000000e3b20000, 0x00000000e3b20000, 0x00000000e4100000)
 tenured generation   total 120460K, used 72275K [0x00000000eb2a0000, 0x00000000f2843000, 0x0000000100000000)
   the space 120460K,  59% used [0x00000000eb2a0000, 0x00000000ef934e88, 0x00000000ef935000, 0x00000000f2843000)
 Metaspace       used 85131K, capacity 91437K, committed 91928K, reserved 1130496K
  class space    used 9234K, capacity 11325K, committed 11392K, reserved 1048576K
GC Heap History (20 events):
Event: 846.023 GC heap before
{Heap before GC invocations=106 (full 8):
 def new generation   total 51840K, used 50184K [0x00000000e0c00000, 0x00000000e4440000, 0x00000000eb2a0000)
  eden space 46080K, 100% used [0x00000000e0c00000, 0x00000000e3900000, 0x00000000e3900000)
  from space 5760K,  71% used [0x00000000e3900000, 0x00000000e3d020f0, 0x00000000e3ea0000)
  to   space 5760K,   0% used [0x00000000e3ea0000, 0x00000000e3ea0000, 0x00000000e4440000)
 tenured generation   total 115004K, used 97230K [0x00000000eb2a0000, 0x00000000f22ef000, 0x0000000100000000)
   the space 115004K,  84% used [0x00000000eb2a0000, 0x00000000f1193ae8, 0x00000000f1193c00, 0x00000000f22ef000)
 Metaspace       used 84946K, capacity 91361K, committed 91672K, reserved 1130496K
  class space    used 9224K, capacity 11321K, committed 11392K, reserved 1048576K
}
Event: 846.039 GC heap after
{Heap after GC invocations=107 (full 8):
 def new generation   total 51840K, used 1066K [0x00000000e0c00000, 0x00000000e4440000, 0x00000000eb2a0000)
  eden space 46080K,   0% used [0x00000000e0c00000, 0x00000000e0c00000, 0x00000000e3900000)
  from space 5760K,  18% used [0x00000000e3ea0000, 0x00000000e3faa970, 0x00000000e4440000)
  to   space 5760K,   0% used [0x00000000e3900000, 0x00000000e3900000, 0x00000000e3ea0000)
 tenured generation   total 115004K, used 100983K [0x00000000eb2a0000, 0x00000000f22ef000, 0x0000000100000000)
   the space 115004K,  87% used [0x00000000eb2a0000, 0x00000000f153ded0, 0x00000000f153e000, 0x00000000f22ef000)
 Metaspace       used 84946K, capacity 91361K, committed 91672K, reserved 1130496K
  class space    used 9224K, capacity 11321K, committed 11392K, reserved 1048576K
}
Event: 848.629 GC heap before
{Heap before GC invocations=107 (full 8):
 def new generation   total 51840K, used 47146K [0x00000000e0c00000, 0x00000000e4440000, 0x00000000eb2a0000)
  eden space 46080K, 100% used [0x00000000e0c00000, 0x00000000e3900000, 0x00000000e3900000)
  from space 5760K,  18% used [0x00000000e3ea0000, 0x00000000e3faa970, 0x00000000e4440000)
  to   space 5760K,   0% used [0x00000000e3900000, 0x00000000e3900000, 0x00000000e3ea0000)
 tenured generation   total 115004K, used 100983K [0x00000000eb2a0000, 0x00000000f22ef000, 0x0000000100000000)
   the space 115004K,  87% used [0x00000000eb2a0000, 0x00000000f153ded0, 0x00000000f153e000, 0x00000000f22ef000)
 Metaspace       used 84947K, capacity 91361K, committed 91672K, reserved 1130496K
  class space    used 9224K, capacity 11321K, committed 11392K, reserved 1048576K
}
Event: 848.641 GC heap after
{Heap after GC invocations=108 (full 8):
 def new generation   total 51840K, used 3691K [0x00000000e0c00000, 0x00000000e4440000, 0x00000000eb2a0000)
  eden space 46080K,   0% used [0x00000000e0c00000, 0x00000000e0c00000, 0x00000000e3900000)
  from space 5760K,  64% used [0x00000000e3900000, 0x00000000e3c9af10, 0x00000000e3ea0000)
  to   space 5760K,   0% used [0x00000000e3ea0000, 0x00000000e3ea0000, 0x00000000e4440000)
 tenured generation   total 115004K, used 100983K [0x00000000eb2a0000, 0x00000000f22ef000, 0x0000000100000000)
   the space 115004K,  87% used [0x00000000eb2a0000, 0x00000000f153ded0, 0x00000000f153e000, 0x00000000f22ef000)
 Metaspace       used 84947K, capacity 91361K, committed 91672K, reserved 1130496K
  class space    used 9224K, capacity 11321K, committed 11392K, reserved 1048576K
}
Event: 850.744 GC heap before
{Heap before GC invocations=108 (full 8):
 def new generation   total 51840K, used 49771K [0x00000000e0c00000, 0x00000000e4440000, 0x00000000eb2a0000)
  eden space 46080K, 100% used [0x00000000e0c00000, 0x00000000e3900000, 0x00000000e3900000)
  from space 5760K,  64% used [0x00000000e3900000, 0x00000000e3c9af10, 0x00000000e3ea0000)
  to   space 5760K,   0% used [0x00000000e3ea0000, 0x00000000e3ea0000, 0x00000000e4440000)
 tenured generation   total 115004K, used 100983K [0x00000000eb2a0000, 0x00000000f22ef000, 0x0000000100000000)
   the space 115004K,  87% used [0x00000000eb2a0000, 0x00000000f153ded0, 0x00000000f153e000, 0x00000000f22ef000)
 Metaspace       used 85043K, capacity 91370K, committed 91672K, reserved 1130496K
  class space    used 9234K, capacity 11324K, committed 11392K, reserved 1048576K
}
Event: 850.780 GC heap after
{Heap after GC invocations=109 (full 8):
 def new generation   total 51840K, used 3617K [0x00000000e0c00000, 0x00000000e4440000, 0x00000000eb2a0000)
  eden space 46080K,   0% used [0x00000000e0c00000, 0x00000000e0c00000, 0x00000000e3900000)
  from space 5760K,  62% used [0x00000000e3ea0000, 0x00000000e4228778, 0x00000000e4440000)
  to   space 5760K,   0% used [0x00000000e3900000, 0x00000000e3900000, 0x00000000e3ea0000)
 tenured generation   total 115004K, used 104307K [0x00000000eb2a0000, 0x00000000f22ef000, 0x0000000100000000)
   the space 115004K,  90% used [0x00000000eb2a0000, 0x00000000f187ccf0, 0x00000000f187ce00, 0x00000000f22ef000)
 Metaspace       used 85043K, capacity 91370K, committed 91672K, reserved 1130496K
  class space    used 9234K, capacity 11324K, committed 11392K, reserved 1048576K
}
Event: 852.946 GC heap before
{Heap before GC invocations=109 (full 8):
 def new generation   total 51840K, used 49697K [0x00000000e0c00000, 0x00000000e4440000, 0x00000000eb2a0000)
  eden space 46080K, 100% used [0x00000000e0c00000, 0x00000000e3900000, 0x00000000e3900000)
  from space 5760K,  62% used [0x00000000e3ea0000, 0x00000000e4228778, 0x00000000e4440000)
  to   space 5760K,   0% used [0x00000000e3900000, 0x00000000e3900000, 0x00000000e3ea0000)
 tenured generation   total 115004K, used 104307K [0x00000000eb2a0000, 0x00000000f22ef000, 0x0000000100000000)
   the space 115004K,  90% used [0x00000000eb2a0000, 0x00000000f187ccf0, 0x00000000f187ce00, 0x00000000f22ef000)
 Metaspace       used 85051K, capacity 91370K, committed 91672K, reserved 1130496K
  class space    used 9234K, capacity 11324K, committed 11392K, reserved 1048576K
}
Event: 852.995 GC heap after
{Heap after GC invocations=110 (full 8):
 def new generation   total 51840K, used 5209K [0x00000000e0c00000, 0x00000000e4440000, 0x00000000eb2a0000)
  eden space 46080K,   0% used [0x00000000e0c00000, 0x00000000e0c00000, 0x00000000e3900000)
  from space 5760K,  90% used [0x00000000e3900000, 0x00000000e3e16680, 0x00000000e3ea0000)
  to   space 5760K,   0% used [0x00000000e3ea0000, 0x00000000e3ea0000, 0x00000000e4440000)
 tenured generation   total 115004K, used 107548K [0x00000000eb2a0000, 0x00000000f22ef000, 0x0000000100000000)
   the space 115004K,  93% used [0x00000000eb2a0000, 0x00000000f1ba73d0, 0x00000000f1ba7400, 0x00000000f22ef000)
 Metaspace       used 85051K, capacity 91370K, committed 91672K, reserved 1130496K
  class space    used 9234K, capacity 11324K, committed 11392K, reserved 1048576K
}
Event: 855.557 GC heap before
{Heap before GC invocations=110 (full 8):
 def new generation   total 51840K, used 51289K [0x00000000e0c00000, 0x00000000e4440000, 0x00000000eb2a0000)
  eden space 46080K, 100% used [0x00000000e0c00000, 0x00000000e3900000, 0x00000000e3900000)
  from space 5760K,  90% used [0x00000000e3900000, 0x00000000e3e16680, 0x00000000e3ea0000)
  to   space 5760K,   0% used [0x00000000e3ea0000, 0x00000000e3ea0000, 0x00000000e4440000)
 tenured generation   total 115004K, used 107548K [0x00000000eb2a0000, 0x00000000f22ef000, 0x0000000100000000)
   the space 115004K,  93% used [0x00000000eb2a0000, 0x00000000f1ba73d0, 0x00000000f1ba7400, 0x00000000f22ef000)
 Metaspace       used 85053K, capacity 91370K, committed 91672K, reserved 1130496K
  class space    used 9234K, capacity 11324K, committed 11392K, reserved 1048576K
}
Event: 855.579 GC heap after
{Heap after GC invocations=111 (full 8):
 def new generation   total 51840K, used 3315K [0x00000000e0c00000, 0x00000000e4440000, 0x00000000eb2a0000)
  eden space 46080K,   0% used [0x00000000e0c00000, 0x00000000e0c00000, 0x00000000e3900000)
  from space 5760K,  57% used [0x00000000e3ea0000, 0x00000000e41dcf88, 0x00000000e4440000)
  to   space 5760K,   0% used [0x00000000e3900000, 0x00000000e3900000, 0x00000000e3ea0000)
 tenured generation   total 115004K, used 108254K [0x00000000eb2a0000, 0x00000000f22ef000, 0x0000000100000000)
   the space 115004K,  94% used [0x00000000eb2a0000, 0x00000000f1c57878, 0x00000000f1c57a00, 0x00000000f22ef000)
 Metaspace       used 85053K, capacity 91370K, committed 91672K, reserved 1130496K
  class space    used 9234K, capacity 11324K, committed 11392K, reserved 1048576K
}
Event: 857.921 GC heap before
{Heap before GC invocations=111 (full 8):
 def new generation   total 51840K, used 49395K [0x00000000e0c00000, 0x00000000e4440000, 0x00000000eb2a0000)
  eden space 46080K, 100% used [0x00000000e0c00000, 0x00000000e3900000, 0x00000000e3900000)
  from space 5760K,  57% used [0x00000000e3ea0000, 0x00000000e41dcf88, 0x00000000e4440000)
  to   space 5760K,   0% used [0x00000000e3900000, 0x00000000e3900000, 0x00000000e3ea0000)
 tenured generation   total 115004K, used 108254K [0x00000000eb2a0000, 0x00000000f22ef000, 0x0000000100000000)
   the space 115004K,  94% used [0x00000000eb2a0000, 0x00000000f1c57878, 0x00000000f1c57a00, 0x00000000f22ef000)
 Metaspace       used 85060K, capacity 91370K, committed 91672K, reserved 1130496K
  class space    used 9234K, capacity 11324K, committed 11392K, reserved 1048576K
}
Event: 857.962 GC heap after
{Heap after GC invocations=112 (full 8):
 def new generation   total 51840K, used 4404K [0x00000000e0c00000, 0x00000000e4440000, 0x00000000eb2a0000)
  eden space 46080K,   0% used [0x00000000e0c00000, 0x00000000e0c00000, 0x00000000e3900000)
  from space 5760K,  76% used [0x00000000e3900000, 0x00000000e3d4d0b0, 0x00000000e3ea0000)
  to   space 5760K,   0% used [0x00000000e3ea0000, 0x00000000e3ea0000, 0x00000000e4440000)
 tenured generation   total 115004K, used 111217K [0x00000000eb2a0000, 0x00000000f22ef000, 0x0000000100000000)
   the space 115004K,  96% used [0x00000000eb2a0000, 0x00000000f1f3c668, 0x00000000f1f3c800, 0x00000000f22ef000)
 Metaspace       used 85060K, capacity 91370K, committed 91672K, reserved 1130496K
  class space    used 9234K, capacity 11324K, committed 11392K, reserved 1048576K
}
Event: 862.135 GC heap before
{Heap before GC invocations=112 (full 8):
 def new generation   total 51840K, used 50484K [0x00000000e0c00000, 0x00000000e4440000, 0x00000000eb2a0000)
  eden space 46080K, 100% used [0x00000000e0c00000, 0x00000000e3900000, 0x00000000e3900000)
  from space 5760K,  76% used [0x00000000e3900000, 0x00000000e3d4d0b0, 0x00000000e3ea0000)
  to   space 5760K,   0% used [0x00000000e3ea0000, 0x00000000e3ea0000, 0x00000000e4440000)
 tenured generation   total 115004K, used 111217K [0x00000000eb2a0000, 0x00000000f22ef000, 0x0000000100000000)
   the space 115004K,  96% used [0x00000000eb2a0000, 0x00000000f1f3c668, 0x00000000f1f3c800, 0x00000000f22ef000)
 Metaspace       used 85086K, capacity 91434K, committed 91928K, reserved 1130496K
  class space    used 9234K, capacity 11324K, committed 11392K, reserved 1048576K
}
Event: 862.165 GC heap after
{Heap after GC invocations=113 (full 8):
 def new generation   total 51840K, used 931K [0x00000000e0c00000, 0x00000000e4440000, 0x00000000eb2a0000)
  eden space 46080K,   0% used [0x00000000e0c00000, 0x00000000e0c00000, 0x00000000e3900000)
  from space 5760K,  16% used [0x00000000e3ea0000, 0x00000000e3f88d48, 0x00000000e4440000)
  to   space 5760K,   0% used [0x00000000e3900000, 0x00000000e3900000, 0x00000000e3ea0000)
 tenured generation   total 115004K, used 114712K [0x00000000eb2a0000, 0x00000000f22ef000, 0x0000000100000000)
   the space 115004K,  99% used [0x00000000eb2a0000, 0x00000000f22a62a0, 0x00000000f22a6400, 0x00000000f22ef000)
 Metaspace       used 85086K, capacity 91434K, committed 91928K, reserved 1130496K
  class space    used 9234K, capacity 11324K, committed 11392K, reserved 1048576K
}
Event: 864.933 GC heap before
{Heap before GC invocations=113 (full 8):
 def new generation   total 51840K, used 47011K [0x00000000e0c00000, 0x00000000e4440000, 0x00000000eb2a0000)
  eden space 46080K, 100% used [0x00000000e0c00000, 0x00000000e3900000, 0x00000000e3900000)
  from space 5760K,  16% used [0x00000000e3ea0000, 0x00000000e3f88d48, 0x00000000e4440000)
  to   space 5760K,   0% used [0x00000000e3900000, 0x00000000e3900000, 0x00000000e3ea0000)
 tenured generation   total 115004K, used 114712K [0x00000000eb2a0000, 0x00000000f22ef000, 0x0000000100000000)
   the space 115004K,  99% used [0x00000000eb2a0000, 0x00000000f22a62a0, 0x00000000f22a6400, 0x00000000f22ef000)
 Metaspace       used 85099K, capacity 91434K, committed 91928K, reserved 1130496K
  class space    used 9234K, capacity 11324K, committed 11392K, reserved 1048576K
}
Event: 864.944 GC heap after
{Heap after GC invocations=114 (full 8):
 def new generation   total 51840K, used 3545K [0x00000000e0c00000, 0x00000000e4440000, 0x00000000eb2a0000)
  eden space 46080K,   0% used [0x00000000e0c00000, 0x00000000e0c00000, 0x00000000e3900000)
  from space 5760K,  61% used [0x00000000e3900000, 0x00000000e3c76548, 0x00000000e3ea0000)
  to   space 5760K,   0% used [0x00000000e3ea0000, 0x00000000e3ea0000, 0x00000000e4440000)
 tenured generation   total 115004K, used 114712K [0x00000000eb2a0000, 0x00000000f22ef000, 0x0000000100000000)
   the space 115004K,  99% used [0x00000000eb2a0000, 0x00000000f22a62a0, 0x00000000f22a6400, 0x00000000f22ef000)
 Metaspace       used 85099K, capacity 91434K, committed 91928K, reserved 1130496K
  class space    used 9234K, capacity 11324K, committed 11392K, reserved 1048576K
}
Event: 867.975 GC heap before
{Heap before GC invocations=114 (full 8):
 def new generation   total 51840K, used 49625K [0x00000000e0c00000, 0x00000000e4440000, 0x00000000eb2a0000)
  eden space 46080K, 100% used [0x00000000e0c00000, 0x00000000e3900000, 0x00000000e3900000)
  from space 5760K,  61% used [0x00000000e3900000, 0x00000000e3c76548, 0x00000000e3ea0000)
  to   space 5760K,   0% used [0x00000000e3ea0000, 0x00000000e3ea0000, 0x00000000e4440000)
 tenured generation   total 115004K, used 114712K [0x00000000eb2a0000, 0x00000000f22ef000, 0x0000000100000000)
   the space 115004K,  99% used [0x00000000eb2a0000, 0x00000000f22a62a0, 0x00000000f22a6400, 0x00000000f22ef000)
 Metaspace       used 85111K, capacity 91434K, committed 91928K, reserved 1130496K
  class space    used 9234K, capacity 11324K, committed 11392K, reserved 1048576K
}
Event: 868.594 GC heap after
{Heap after GC invocations=115 (full 9):
 def new generation   total 54272K, used 0K [0x00000000e0c00000, 0x00000000e46e0000, 0x00000000eb2a0000)
  eden space 48256K,   0% used [0x00000000e0c00000, 0x00000000e0c00000, 0x00000000e3b20000)
  from space 6016K,   0% used [0x00000000e3b20000, 0x00000000e3b20000, 0x00000000e4100000)
  to   space 6016K,   0% used [0x00000000e4100000, 0x00000000e4100000, 0x00000000e46e0000)
 tenured generation   total 120460K, used 72275K [0x00000000eb2a0000, 0x00000000f2843000, 0x0000000100000000)
   the space 120460K,  59% used [0x00000000eb2a0000, 0x00000000ef934e88, 0x00000000ef935000, 0x00000000f2843000)
 Metaspace       used 85111K, capacity 91434K, committed 91928K, reserved 1130496K
  class space    used 9234K, capacity 11324K, committed 11392K, reserved 1048576K
}
Event: 872.363 GC heap before
{Heap before GC invocations=115 (full 9):
 def new generation   total 54272K, used 48256K [0x00000000e0c00000, 0x00000000e46e0000, 0x00000000eb2a0000)
  eden space 48256K, 100% used [0x00000000e0c00000, 0x00000000e3b20000, 0x00000000e3b20000)
  from space 6016K,   0% used [0x00000000e3b20000, 0x00000000e3b20000, 0x00000000e4100000)
  to   space 6016K,   0% used [0x00000000e4100000, 0x00000000e4100000, 0x00000000e46e0000)
 tenured generation   total 120460K, used 72275K [0x00000000eb2a0000, 0x00000000f2843000, 0x0000000100000000)
   the space 120460K,  59% used [0x00000000eb2a0000, 0x00000000ef934e88, 0x00000000ef935000, 0x00000000f2843000)
 Metaspace       used 85119K, capacity 91434K, committed 91928K, reserved 1130496K
  class space    used 9234K, capacity 11324K, committed 11392K, reserved 1048576K
}
Event: 872.388 GC heap after
{Heap after GC invocations=116 (full 9):
 def new generation   total 54272K, used 2437K [0x00000000e0c00000, 0x00000000e46e0000, 0x00000000eb2a0000)
  eden space 48256K,   0% used [0x00000000e0c00000, 0x00000000e0c00000, 0x00000000e3b20000)
  from space 6016K,  40% used [0x00000000e4100000, 0x00000000e4361680, 0x00000000e46e0000)
  to   space 6016K,   0% used [0x00000000e3b20000, 0x00000000e3b20000, 0x00000000e4100000)
 tenured generation   total 120460K, used 72275K [0x00000000eb2a0000, 0x00000000f2843000, 0x0000000100000000)
   the space 120460K,  59% used [0x00000000eb2a0000, 0x00000000ef934e88, 0x00000000ef935000, 0x00000000f2843000)
 Metaspace       used 85119K, capacity 91434K, committed 91928K, reserved 1130496K
  class space    used 9234K, capacity 11324K, committed 11392K, reserved 1048576K
}

