# JRE version: OpenJDK Runtime Environment (11.0.17+8) (build 11.0.17+8-post-Ubuntu-1ubuntu218.04)
# Java VM: OpenJDK 64-Bit Server VM (11.0.17+8-post-Ubuntu-1ubuntu218.04, mixed mode, sharing, tiered, compressed oops, serial gc, linux-amd64)
Heap:
 def new generation   total 112064K, used 49328K [0x00000000e0c00000, 0x00000000e8590000, 0x00000000eb2a0000)
  eden space 99648K,  49% used [0x00000000e0c00000, 0x00000000e3c2c070, 0x00000000e6d50000)
  from space 12416K,   0% used [0x00000000e6d50000, 0x00000000e6d50000, 0x00000000e7970000)
  to   space 12416K,   0% used [0x00000000e7970000, 0x00000000e7970000, 0x00000000e8590000)
 tenured generation   total 248796K, used 149276K [0x00000000eb2a0000, 0x00000000fa597000, 0x0000000100000000)
   the space 248796K,  59% used [0x00000000eb2a0000, 0x00000000f4467250, 0x00000000f4467400, 0x00000000fa597000)
 Metaspace       used 101182K, capacity 108205K, committed 108696K, reserved 1144832K
  class space    used 11084K, capacity 13468K, committed 13568K, reserved 1048576K
GC Heap History (20 events):
Event: 5531.011 GC heap before
{Heap before GC invocations=290 (full 10):
 def new generation   total 109760K, used 101913K [0x00000000e0c00000, 0x00000000e8310000, 0x00000000eb2a0000)
  eden space 97600K, 100% used [0x00000000e0c00000, 0x00000000e6b50000, 0x00000000e6b50000)
  from space 12160K,  35% used [0x00000000e7730000, 0x00000000e7b66528, 0x00000000e8310000)
  to   space 12160K,   0% used [0x00000000e6b50000, 0x00000000e6b50000, 0x00000000e7730000)
 tenured generation   total 243648K, used 221604K [0x00000000eb2a0000, 0x00000000fa090000, 0x0000000100000000)
   the space 243648K,  90% used [0x00000000eb2a0000, 0x00000000f8b091f8, 0x00000000f8b09200, 0x00000000fa090000)
 Metaspace       used 96170K, capacity 103191K, committed 103832K, reserved 1140736K
  class space    used 10341K, capacity 12658K, committed 12800K, reserved 1048576K
}
Event: 5531.039 GC heap after
{Heap after GC invocations=291 (full 10):
 def new generation   total 109760K, used 6581K [0x00000000e0c00000, 0x00000000e8310000, 0x00000000eb2a0000)
  eden space 97600K,   0% used [0x00000000e0c00000, 0x00000000e0c00000, 0x00000000e6b50000)
  from space 12160K,  54% used [0x00000000e6b50000, 0x00000000e71bd720, 0x00000000e7730000)
  to   space 12160K,   0% used [0x00000000e7730000, 0x00000000e7730000, 0x00000000e8310000)
 tenured generation   total 243648K, used 221604K [0x00000000eb2a0000, 0x00000000fa090000, 0x0000000100000000)
   the space 243648K,  90% used [0x00000000eb2a0000, 0x00000000f8b091f8, 0x00000000f8b09200, 0x00000000fa090000)
 Metaspace       used 96170K, capacity 103191K, committed 103832K, reserved 1140736K
  class space    used 10341K, capacity 12658K, committed 12800K, reserved 1048576K
}
Event: 5546.791 GC heap before
{Heap before GC invocations=291 (full 10):
 def new generation   total 109760K, used 104181K [0x00000000e0c00000, 0x00000000e8310000, 0x00000000eb2a0000)
  eden space 97600K, 100% used [0x00000000e0c00000, 0x00000000e6b50000, 0x00000000e6b50000)
  from space 12160K,  54% used [0x00000000e6b50000, 0x00000000e71bd720, 0x00000000e7730000)
  to   space 12160K,   0% used [0x00000000e7730000, 0x00000000e7730000, 0x00000000e8310000)
 tenured generation   total 243648K, used 221604K [0x00000000eb2a0000, 0x00000000fa090000, 0x0000000100000000)
   the space 243648K,  90% used [0x00000000eb2a0000, 0x00000000f8b091f8, 0x00000000f8b09200, 0x00000000fa090000)
 Metaspace       used 96180K, capacity 103255K, committed 103832K, reserved 1140736K
  class space    used 10341K, capacity 12658K, committed 12800K, reserved 1048576K
}
Event: 5546.807 GC heap after
{Heap after GC invocations=292 (full 10):
 def new generation   total 109760K, used 1896K [0x00000000e0c00000, 0x00000000e8310000, 0x00000000eb2a0000)
  eden space 97600K,   0% used [0x00000000e0c00000, 0x00000000e0c00000, 0x00000000e6b50000)
  from space 12160K,  15% used [0x00000000e7730000, 0x00000000e790a2c0, 0x00000000e8310000)
  to   space 12160K,   0% used [0x00000000e6b50000, 0x00000000e6b50000, 0x00000000e7730000)
 tenured generation   total 243648K, used 223639K [0x00000000eb2a0000, 0x00000000fa090000, 0x0000000100000000)
   the space 243648K,  91% used [0x00000000eb2a0000, 0x00000000f8d05d58, 0x00000000f8d05e00, 0x00000000fa090000)
 Metaspace       used 96180K, capacity 103255K, committed 103832K, reserved 1140736K
  class space    used 10341K, capacity 12658K, committed 12800K, reserved 1048576K
}
Event: 5579.905 GC heap before
{Heap before GC invocations=292 (full 10):
 def new generation   total 109760K, used 99496K [0x00000000e0c00000, 0x00000000e8310000, 0x00000000eb2a0000)
  eden space 97600K, 100% used [0x00000000e0c00000, 0x00000000e6b50000, 0x00000000e6b50000)
  from space 12160K,  15% used [0x00000000e7730000, 0x00000000e790a2c0, 0x00000000e8310000)
  to   space 12160K,   0% used [0x00000000e6b50000, 0x00000000e6b50000, 0x00000000e7730000)
 tenured generation   total 243648K, used 223639K [0x00000000eb2a0000, 0x00000000fa090000, 0x0000000100000000)
   the space 243648K,  91% used [0x00000000eb2a0000, 0x00000000f8d05d58, 0x00000000f8d05e00, 0x00000000fa090000)
 Metaspace       used 96190K, capacity 103255K, committed 103832K, reserved 1140736K
  class space    used 10341K, capacity 12658K, committed 12800K, reserved 1048576K
}
Event: 5579.913 GC heap after
{Heap after GC invocations=293 (full 10):
 def new generation   total 109760K, used 2068K [0x00000000e0c00000, 0x00000000e8310000, 0x00000000eb2a0000)
  eden space 97600K,   0% used [0x00000000e0c00000, 0x00000000e0c00000, 0x00000000e6b50000)
  from space 12160K,  17% used [0x00000000e6b50000, 0x00000000e6d55020, 0x00000000e7730000)
  to   space 12160K,   0% used [0x00000000e7730000, 0x00000000e7730000, 0x00000000e8310000)
 tenured generation   total 243648K, used 223639K [0x00000000eb2a0000, 0x00000000fa090000, 0x0000000100000000)
   the space 243648K,  91% used [0x00000000eb2a0000, 0x00000000f8d05d58, 0x00000000f8d05e00, 0x00000000fa090000)
 Metaspace       used 96190K, capacity 103255K, committed 103832K, reserved 1140736K
  class space    used 10341K, capacity 12658K, committed 12800K, reserved 1048576K
}
Event: 5582.288 GC heap before
{Heap before GC invocations=293 (full 10):
 def new generation   total 109760K, used 99668K [0x00000000e0c00000, 0x00000000e8310000, 0x00000000eb2a0000)
  eden space 97600K, 100% used [0x00000000e0c00000, 0x00000000e6b50000, 0x00000000e6b50000)
  from space 12160K,  17% used [0x00000000e6b50000, 0x00000000e6d55020, 0x00000000e7730000)
  to   space 12160K,   0% used [0x00000000e7730000, 0x00000000e7730000, 0x00000000e8310000)
 tenured generation   total 243648K, used 223639K [0x00000000eb2a0000, 0x00000000fa090000, 0x0000000100000000)
   the space 243648K,  91% used [0x00000000eb2a0000, 0x00000000f8d05d58, 0x00000000f8d05e00, 0x00000000fa090000)
 Metaspace       used 96216K, capacity 103255K, committed 103832K, reserved 1140736K
  class space    used 10341K, capacity 12658K, committed 12800K, reserved 1048576K
}
Event: 5582.313 GC heap after
{Heap after GC invocations=294 (full 10):
 def new generation   total 109760K, used 6912K [0x00000000e0c00000, 0x00000000e8310000, 0x00000000eb2a0000)
  eden space 97600K,   0% used [0x00000000e0c00000, 0x00000000e0c00000, 0x00000000e6b50000)
  from space 12160K,  56% used [0x00000000e7730000, 0x00000000e7df0048, 0x00000000e8310000)
  to   space 12160K,   0% used [0x00000000e6b50000, 0x00000000e6b50000, 0x00000000e7730000)
 tenured generation   total 243648K, used 223639K [0x00000000eb2a0000, 0x00000000fa090000, 0x0000000100000000)
   the space 243648K,  91% used [0x00000000eb2a0000, 0x00000000f8d05d58, 0x00000000f8d05e00, 0x00000000fa090000)
 Metaspace       used 96216K, capacity 103255K, committed 103832K, reserved 1140736K
  class space    used 10341K, capacity 12658K, committed 12800K, reserved 1048576K
}
Event: 5594.759 GC heap before
{Heap before GC invocations=294 (full 10):
 def new generation   total 109760K, used 104512K [0x00000000e0c00000, 0x00000000e8310000, 0x00000000eb2a0000)
  eden space 97600K, 100% used [0x00000000e0c00000, 0x00000000e6b50000, 0x00000000e6b50000)
  from space 12160K,  56% used [0x00000000e7730000, 0x00000000e7df0048, 0x00000000e8310000)
  to   space 12160K,   0% used [0x00000000e6b50000, 0x00000000e6b50000, 0x00000000e7730000)
 tenured generation   total 243648K, used 223639K [0x00000000eb2a0000, 0x00000000fa090000, 0x0000000100000000)
   the space 243648K,  91% used [0x00000000eb2a0000, 0x00000000f8d05d58, 0x00000000f8d05e00, 0x00000000fa090000)
 Metaspace       used 96229K, capacity 103255K, committed 103832K, reserved 1140736K
  class space    used 10341K, capacity 12658K, committed 12800K, reserved 1048576K
}
Event: 5594.780 GC heap after
{Heap after GC invocations=295 (full 10):
 def new generation   total 109760K, used 5543K [0x00000000e0c00000, 0x00000000e8310000, 0x00000000eb2a0000)
  eden space 97600K,   0% used [0x00000000e0c00000, 0x00000000e0c00000, 0x00000000e6b50000)
  from space 12160K,  45% used [0x00000000e6b50000, 0x00000000e70b9d00, 0x00000000e7730000)
  to   space 12160K,   0% used [0x00000000e7730000, 0x00000000e7730000, 0x00000000e8310000)
 tenured generation   total 243648K, used 224100K [0x00000000eb2a0000, 0x00000000fa090000, 0x0000000100000000)
   the space 243648K,  91% used [0x00000000eb2a0000, 0x00000000f8d792a0, 0x00000000f8d79400, 0x00000000fa090000)
 Metaspace       used 96229K, capacity 103255K, committed 103832K, reserved 1140736K
  class space    used 10341K, capacity 12658K, committed 12800K, reserved 1048576K
}
Event: 5609.906 GC heap before
{Heap before GC invocations=295 (full 10):
 def new generation   total 109760K, used 103143K [0x00000000e0c00000, 0x00000000e8310000, 0x00000000eb2a0000)
  eden space 97600K, 100% used [0x00000000e0c00000, 0x00000000e6b50000, 0x00000000e6b50000)
  from space 12160K,  45% used [0x00000000e6b50000, 0x00000000e70b9d00, 0x00000000e7730000)
  to   space 12160K,   0% used [0x00000000e7730000, 0x00000000e7730000, 0x00000000e8310000)
 tenured generation   total 243648K, used 224100K [0x00000000eb2a0000, 0x00000000fa090000, 0x0000000100000000)
   the space 243648K,  91% used [0x00000000eb2a0000, 0x00000000f8d792a0, 0x00000000f8d79400, 0x00000000fa090000)
 Metaspace       used 96244K, capacity 103261K, committed 103832K, reserved 1140736K
  class space    used 10342K, capacity 12659K, committed 12800K, reserved 1048576K
}
Event: 5609.939 GC heap after
{Heap after GC invocations=296 (full 10):
 def new generation   total 109760K, used 8589K [0x00000000e0c00000, 0x00000000e8310000, 0x00000000eb2a0000)
  eden space 97600K,   0% used [0x00000000e0c00000, 0x00000000e0c00000, 0x00000000e6b50000)
  from space 12160K,  70% used [0x00000000e7730000, 0x00000000e7f934c8, 0x00000000e8310000)
  to   space 12160K,   0% used [0x00000000e6b50000, 0x00000000e6b50000, 0x00000000e7730000)
 tenured generation   total 243648K, used 224100K [0x00000000eb2a0000, 0x00000000fa090000, 0x0000000100000000)
   the space 243648K,  91% used [0x00000000eb2a0000, 0x00000000f8d792a0, 0x00000000f8d79400, 0x00000000fa090000)
 Metaspace       used 96244K, capacity 103261K, committed 103832K, reserved 1140736K
  class space    used 10342K, capacity 12659K, committed 12800K, reserved 1048576K
}
Event: 5734.846 GC heap before
{Heap before GC invocations=296 (full 10):
 def new generation   total 109760K, used 106189K [0x00000000e0c00000, 0x00000000e8310000, 0x00000000eb2a0000)
  eden space 97600K, 100% used [0x00000000e0c00000, 0x00000000e6b50000, 0x00000000e6b50000)
  from space 12160K,  70% used [0x00000000e7730000, 0x00000000e7f934c8, 0x00000000e8310000)
  to   space 12160K,   0% used [0x00000000e6b50000, 0x00000000e6b50000, 0x00000000e7730000)
 tenured generation   total 243648K, used 224100K [0x00000000eb2a0000, 0x00000000fa090000, 0x0000000100000000)
   the space 243648K,  91% used [0x00000000eb2a0000, 0x00000000f8d792a0, 0x00000000f8d79400, 0x00000000fa090000)
 Metaspace       used 96266K, capacity 103261K, committed 103832K, reserved 1140736K
  class space    used 10342K, capacity 12659K, committed 12800K, reserved 1048576K
}
Event: 5734.923 GC heap after
{Heap after GC invocations=297 (full 10):
 def new generation   total 109760K, used 7884K [0x00000000e0c00000, 0x00000000e8310000, 0x00000000eb2a0000)
  eden space 97600K,   0% used [0x00000000e0c00000, 0x00000000e0c00000, 0x00000000e6b50000)
  from space 12160K,  64% used [0x00000000e6b50000, 0x00000000e73031d8, 0x00000000e7730000)
  to   space 12160K,   0% used [0x00000000e7730000, 0x00000000e7730000, 0x00000000e8310000)
 tenured generation   total 243648K, used 230165K [0x00000000eb2a0000, 0x00000000fa090000, 0x0000000100000000)
   the space 243648K,  94% used [0x00000000eb2a0000, 0x00000000f9365530, 0x00000000f9365600, 0x00000000fa090000)
 Metaspace       used 96266K, capacity 103261K, committed 103832K, reserved 1140736K
  class space    used 10342K, capacity 12659K, committed 12800K, reserved 1048576K
}
Event: 5762.602 GC heap before
{Heap before GC invocations=297 (full 10):
 def new generation   total 109760K, used 105484K [0x00000000e0c00000, 0x00000000e8310000, 0x00000000eb2a0000)
  eden space 97600K, 100% used [0x00000000e0c00000, 0x00000000e6b50000, 0x00000000e6b50000)
  from space 12160K,  64% used [0x00000000e6b50000, 0x00000000e73031d8, 0x00000000e7730000)
  to   space 12160K,   0% used [0x00000000e7730000, 0x00000000e7730000, 0x00000000e8310000)
 tenured generation   total 243648K, used 230165K [0x00000000eb2a0000, 0x00000000fa090000, 0x0000000100000000)
   the space 243648K,  94% used [0x00000000eb2a0000, 0x00000000f9365530, 0x00000000f9365600, 0x00000000fa090000)
 Metaspace       used 96497K, capacity 103573K, committed 104088K, reserved 1140736K
  class space    used 10376K, capacity 12740K, committed 12800K, reserved 1048576K
}
Event: 5762.665 GC heap after
{Heap after GC invocations=298 (full 10):
 def new generation   total 109760K, used 3762K [0x00000000e0c00000, 0x00000000e8310000, 0x00000000eb2a0000)
  eden space 97600K,   0% used [0x00000000e0c00000, 0x00000000e0c00000, 0x00000000e6b50000)
  from space 12160K,  30% used [0x00000000e7730000, 0x00000000e7adc970, 0x00000000e8310000)
  to   space 12160K,   0% used [0x00000000e6b50000, 0x00000000e6b50000, 0x00000000e7730000)
 tenured generation   total 243648K, used 237692K [0x00000000eb2a0000, 0x00000000fa090000, 0x0000000100000000)
   the space 243648K,  97% used [0x00000000eb2a0000, 0x00000000f9abf000, 0x00000000f9abf000, 0x00000000fa090000)
 Metaspace       used 96497K, capacity 103573K, committed 104088K, reserved 1140736K
  class space    used 10376K, capacity 12740K, committed 12800K, reserved 1048576K
}
Event: 5764.333 GC heap before
{Heap before GC invocations=298 (full 10):
 def new generation   total 109760K, used 101362K [0x00000000e0c00000, 0x00000000e8310000, 0x00000000eb2a0000)
  eden space 97600K, 100% used [0x00000000e0c00000, 0x00000000e6b50000, 0x00000000e6b50000)
  from space 12160K,  30% used [0x00000000e7730000, 0x00000000e7adc970, 0x00000000e8310000)
  to   space 12160K,   0% used [0x00000000e6b50000, 0x00000000e6b50000, 0x00000000e7730000)
 tenured generation   total 243648K, used 237692K [0x00000000eb2a0000, 0x00000000fa090000, 0x0000000100000000)
   the space 243648K,  97% used [0x00000000eb2a0000, 0x00000000f9abf000, 0x00000000f9abf000, 0x00000000fa090000)
 Metaspace       used 96530K, capacity 103573K, committed 104088K, reserved 1140736K
  class space    used 10376K, capacity 12740K, committed 12800K, reserved 1048576K
}
Event: 5764.384 GC heap after
{Heap after GC invocations=299 (full 10):
 def new generation   total 109760K, used 9797K [0x00000000e0c00000, 0x00000000e8310000, 0x00000000eb2a0000)
  eden space 97600K,   0% used [0x00000000e0c00000, 0x00000000e0c00000, 0x00000000e6b50000)
  from space 12160K,  80% used [0x00000000e6b50000, 0x00000000e74e1638, 0x00000000e7730000)
  to   space 12160K,   0% used [0x00000000e7730000, 0x00000000e7730000, 0x00000000e8310000)
 tenured generation   total 243648K, used 237692K [0x00000000eb2a0000, 0x00000000fa090000, 0x0000000100000000)
   the space 243648K,  97% used [0x00000000eb2a0000, 0x00000000f9abf000, 0x00000000f9abf000, 0x00000000fa090000)
 Metaspace       used 96530K, capacity 103573K, committed 104088K, reserved 1140736K
  class space    used 10376K, capacity 12740K, committed 12800K, reserved 1048576K
}
Event: 5774.001 GC heap before
{Heap before GC invocations=299 (full 10):
 def new generation   total 109760K, used 107397K [0x00000000e0c00000, 0x00000000e8310000, 0x00000000eb2a0000)
  eden space 97600K, 100% used [0x00000000e0c00000, 0x00000000e6b50000, 0x00000000e6b50000)
  from space 12160K,  80% used [0x00000000e6b50000, 0x00000000e74e1638, 0x00000000e7730000)
  to   space 12160K,   0% used [0x00000000e7730000, 0x00000000e7730000, 0x00000000e8310000)
 tenured generation   total 243648K, used 237692K [0x00000000eb2a0000, 0x00000000fa090000, 0x0000000100000000)
   the space 243648K,  97% used [0x00000000eb2a0000, 0x00000000f9abf000, 0x00000000f9abf000, 0x00000000fa090000)
 Metaspace       used 98083K, capacity 105170K, committed 105624K, reserved 1142784K
  class space    used 10591K, capacity 12994K, committed 13056K, reserved 1048576K
}
Event: 5774.564 GC heap after
{Heap after GC invocations=300 (full 11):
 def new generation   total 112064K, used 0K [0x00000000e0c00000, 0x00000000e8590000, 0x00000000eb2a0000)
  eden space 99648K,   0% used [0x00000000e0c00000, 0x00000000e0c00000, 0x00000000e6d50000)
  from space 12416K,   0% used [0x00000000e6d50000, 0x00000000e6d50000, 0x00000000e7970000)
  to   space 12416K,   0% used [0x00000000e7970000, 0x00000000e7970000, 0x00000000e8590000)
 tenured generation   total 248796K, used 149276K [0x00000000eb2a0000, 0x00000000fa597000, 0x0000000100000000)
   the space 248796K,  59% used [0x00000000eb2a0000, 0x00000000f4467250, 0x00000000f4467400, 0x00000000fa597000)
 Metaspace       used 98083K, capacity 105170K, committed 105624K, reserved 1142784K
  class space    used 10591K, capacity 12994K, committed 13056K, reserved 1048576K
}

