# JRE version: OpenJDK Runtime Environment (11.0.17+8) (build 11.0.17+8-post-Ubuntu-1ubuntu218.04)
# Java VM: OpenJDK 64-Bit Server VM (11.0.17+8-post-Ubuntu-1ubuntu218.04, mixed mode, sharing, tiered, compressed oops, serial gc, linux-amd64)
Heap:
 def new generation   total 111232K, used 82083K [0x00000000e0c00000, 0x00000000e84b0000, 0x00000000eb2a0000)
  eden space 98880K,  78% used [0x00000000e0c00000, 0x00000000e57ff5d0, 0x00000000e6c90000)
  from space 12352K,  34% used [0x00000000e6c90000, 0x00000000e70b9740, 0x00000000e78a0000)
  to   space 12352K,   0% used [0x00000000e78a0000, 0x00000000e78a0000, 0x00000000e84b0000)
 tenured generation   total 247012K, used 162462K [0x00000000eb2a0000, 0x00000000fa3d9000, 0x0000000100000000)
   the space 247012K,  65% used [0x00000000eb2a0000, 0x00000000f51478c8, 0x00000000f5147a00, 0x00000000fa3d9000)
 Metaspace       used 101155K, capacity 108335K, committed 108568K, reserved 1144832K
  class space    used 11315K, capacity 13688K, committed 13696K, reserved 1048576K
GC Heap History (20 events):
Event: 1616.408 GC heap before
{Heap before GC invocations=106 (full 7):
 def new generation   total 111232K, used 105264K [0x00000000e0c00000, 0x00000000e84b0000, 0x00000000eb2a0000)
  eden space 98880K, 100% used [0x00000000e0c00000, 0x00000000e6c90000, 0x00000000e6c90000)
  from space 12352K,  51% used [0x00000000e6c90000, 0x00000000e72cc058, 0x00000000e78a0000)
  to   space 12352K,   0% used [0x00000000e78a0000, 0x00000000e78a0000, 0x00000000e84b0000)
 tenured generation   total 247012K, used 154487K [0x00000000eb2a0000, 0x00000000fa3d9000, 0x0000000100000000)
   the space 247012K,  62% used [0x00000000eb2a0000, 0x00000000f497de68, 0x00000000f497e000, 0x00000000fa3d9000)
 Metaspace       used 100803K, capacity 108055K, committed 108312K, reserved 1144832K
  class space    used 11291K, capacity 13681K, committed 13696K, reserved 1048576K
}
Event: 1616.434 GC heap after
{Heap after GC invocations=107 (full 7):
 def new generation   total 111232K, used 5161K [0x00000000e0c00000, 0x00000000e84b0000, 0x00000000eb2a0000)
  eden space 98880K,   0% used [0x00000000e0c00000, 0x00000000e0c00000, 0x00000000e6c90000)
  from space 12352K,  41% used [0x00000000e78a0000, 0x00000000e7daa480, 0x00000000e84b0000)
  to   space 12352K,   0% used [0x00000000e6c90000, 0x00000000e6c90000, 0x00000000e78a0000)
 tenured generation   total 247012K, used 156129K [0x00000000eb2a0000, 0x00000000fa3d9000, 0x0000000100000000)
   the space 247012K,  63% used [0x00000000eb2a0000, 0x00000000f4b18490, 0x00000000f4b18600, 0x00000000fa3d9000)
 Metaspace       used 100803K, capacity 108055K, committed 108312K, reserved 1144832K
  class space    used 11291K, capacity 13681K, committed 13696K, reserved 1048576K
}
Event: 1628.502 GC heap before
{Heap before GC invocations=107 (full 7):
 def new generation   total 111232K, used 104041K [0x00000000e0c00000, 0x00000000e84b0000, 0x00000000eb2a0000)
  eden space 98880K, 100% used [0x00000000e0c00000, 0x00000000e6c90000, 0x00000000e6c90000)
  from space 12352K,  41% used [0x00000000e78a0000, 0x00000000e7daa480, 0x00000000e84b0000)
  to   space 12352K,   0% used [0x00000000e6c90000, 0x00000000e6c90000, 0x00000000e78a0000)
 tenured generation   total 247012K, used 156129K [0x00000000eb2a0000, 0x00000000fa3d9000, 0x0000000100000000)
   the space 247012K,  63% used [0x00000000eb2a0000, 0x00000000f4b18490, 0x00000000f4b18600, 0x00000000fa3d9000)
 Metaspace       used 100871K, capacity 108124K, committed 108312K, reserved 1144832K
  class space    used 11295K, capacity 13683K, committed 13696K, reserved 1048576K
}
Event: 1628.516 GC heap after
{Heap after GC invocations=108 (full 7):
 def new generation   total 111232K, used 4461K [0x00000000e0c00000, 0x00000000e84b0000, 0x00000000eb2a0000)
  eden space 98880K,   0% used [0x00000000e0c00000, 0x00000000e0c00000, 0x00000000e6c90000)
  from space 12352K,  36% used [0x00000000e6c90000, 0x00000000e70eb728, 0x00000000e78a0000)
  to   space 12352K,   0% used [0x00000000e78a0000, 0x00000000e78a0000, 0x00000000e84b0000)
 tenured generation   total 247012K, used 156129K [0x00000000eb2a0000, 0x00000000fa3d9000, 0x0000000100000000)
   the space 247012K,  63% used [0x00000000eb2a0000, 0x00000000f4b18490, 0x00000000f4b18600, 0x00000000fa3d9000)
 Metaspace       used 100871K, capacity 108124K, committed 108312K, reserved 1144832K
  class space    used 11295K, capacity 13683K, committed 13696K, reserved 1048576K
}
Event: 1639.559 GC heap before
{Heap before GC invocations=108 (full 7):
 def new generation   total 111232K, used 103341K [0x00000000e0c00000, 0x00000000e84b0000, 0x00000000eb2a0000)
  eden space 98880K, 100% used [0x00000000e0c00000, 0x00000000e6c90000, 0x00000000e6c90000)
  from space 12352K,  36% used [0x00000000e6c90000, 0x00000000e70eb728, 0x00000000e78a0000)
  to   space 12352K,   0% used [0x00000000e78a0000, 0x00000000e78a0000, 0x00000000e84b0000)
 tenured generation   total 247012K, used 156129K [0x00000000eb2a0000, 0x00000000fa3d9000, 0x0000000100000000)
   the space 247012K,  63% used [0x00000000eb2a0000, 0x00000000f4b18490, 0x00000000f4b18600, 0x00000000fa3d9000)
 Metaspace       used 100893K, capacity 108188K, committed 108568K, reserved 1144832K
  class space    used 11295K, capacity 13683K, committed 13696K, reserved 1048576K
}
Event: 1639.573 GC heap after
{Heap after GC invocations=109 (full 7):
 def new generation   total 111232K, used 4136K [0x00000000e0c00000, 0x00000000e84b0000, 0x00000000eb2a0000)
  eden space 98880K,   0% used [0x00000000e0c00000, 0x00000000e0c00000, 0x00000000e6c90000)
  from space 12352K,  33% used [0x00000000e78a0000, 0x00000000e7caa188, 0x00000000e84b0000)
  to   space 12352K,   0% used [0x00000000e6c90000, 0x00000000e6c90000, 0x00000000e78a0000)
 tenured generation   total 247012K, used 156129K [0x00000000eb2a0000, 0x00000000fa3d9000, 0x0000000100000000)
   the space 247012K,  63% used [0x00000000eb2a0000, 0x00000000f4b18490, 0x00000000f4b18600, 0x00000000fa3d9000)
 Metaspace       used 100893K, capacity 108188K, committed 108568K, reserved 1144832K
  class space    used 11295K, capacity 13683K, committed 13696K, reserved 1048576K
}
Event: 1646.052 GC heap before
{Heap before GC invocations=109 (full 7):
 def new generation   total 111232K, used 103016K [0x00000000e0c00000, 0x00000000e84b0000, 0x00000000eb2a0000)
  eden space 98880K, 100% used [0x00000000e0c00000, 0x00000000e6c90000, 0x00000000e6c90000)
  from space 12352K,  33% used [0x00000000e78a0000, 0x00000000e7caa188, 0x00000000e84b0000)
  to   space 12352K,   0% used [0x00000000e6c90000, 0x00000000e6c90000, 0x00000000e78a0000)
 tenured generation   total 247012K, used 156129K [0x00000000eb2a0000, 0x00000000fa3d9000, 0x0000000100000000)
   the space 247012K,  63% used [0x00000000eb2a0000, 0x00000000f4b18490, 0x00000000f4b18600, 0x00000000fa3d9000)
 Metaspace       used 100915K, capacity 108252K, committed 108568K, reserved 1144832K
  class space    used 11295K, capacity 13683K, committed 13696K, reserved 1048576K
}
Event: 1646.066 GC heap after
{Heap after GC invocations=110 (full 7):
 def new generation   total 111232K, used 3747K [0x00000000e0c00000, 0x00000000e84b0000, 0x00000000eb2a0000)
  eden space 98880K,   0% used [0x00000000e0c00000, 0x00000000e0c00000, 0x00000000e6c90000)
  from space 12352K,  30% used [0x00000000e6c90000, 0x00000000e7038f10, 0x00000000e78a0000)
  to   space 12352K,   0% used [0x00000000e78a0000, 0x00000000e78a0000, 0x00000000e84b0000)
 tenured generation   total 247012K, used 156129K [0x00000000eb2a0000, 0x00000000fa3d9000, 0x0000000100000000)
   the space 247012K,  63% used [0x00000000eb2a0000, 0x00000000f4b18490, 0x00000000f4b18600, 0x00000000fa3d9000)
 Metaspace       used 100915K, capacity 108252K, committed 108568K, reserved 1144832K
  class space    used 11295K, capacity 13683K, committed 13696K, reserved 1048576K
}
Event: 1654.374 GC heap before
{Heap before GC invocations=110 (full 7):
 def new generation   total 111232K, used 102627K [0x00000000e0c00000, 0x00000000e84b0000, 0x00000000eb2a0000)
  eden space 98880K, 100% used [0x00000000e0c00000, 0x00000000e6c90000, 0x00000000e6c90000)
  from space 12352K,  30% used [0x00000000e6c90000, 0x00000000e7038f10, 0x00000000e78a0000)
  to   space 12352K,   0% used [0x00000000e78a0000, 0x00000000e78a0000, 0x00000000e84b0000)
 tenured generation   total 247012K, used 156129K [0x00000000eb2a0000, 0x00000000fa3d9000, 0x0000000100000000)
   the space 247012K,  63% used [0x00000000eb2a0000, 0x00000000f4b18490, 0x00000000f4b18600, 0x00000000fa3d9000)
 Metaspace       used 100930K, capacity 108252K, committed 108568K, reserved 1144832K
  class space    used 11296K, capacity 13683K, committed 13696K, reserved 1048576K
}
Event: 1654.398 GC heap after
{Heap after GC invocations=111 (full 7):
 def new generation   total 111232K, used 2513K [0x00000000e0c00000, 0x00000000e84b0000, 0x00000000eb2a0000)
  eden space 98880K,   0% used [0x00000000e0c00000, 0x00000000e0c00000, 0x00000000e6c90000)
  from space 12352K,  20% used [0x00000000e78a0000, 0x00000000e7b147c0, 0x00000000e84b0000)
  to   space 12352K,   0% used [0x00000000e6c90000, 0x00000000e6c90000, 0x00000000e78a0000)
 tenured generation   total 247012K, used 156129K [0x00000000eb2a0000, 0x00000000fa3d9000, 0x0000000100000000)
   the space 247012K,  63% used [0x00000000eb2a0000, 0x00000000f4b18490, 0x00000000f4b18600, 0x00000000fa3d9000)
 Metaspace       used 100930K, capacity 108252K, committed 108568K, reserved 1144832K
  class space    used 11296K, capacity 13683K, committed 13696K, reserved 1048576K
}
Event: 1659.860 GC heap before
{Heap before GC invocations=111 (full 7):
 def new generation   total 111232K, used 101393K [0x00000000e0c00000, 0x00000000e84b0000, 0x00000000eb2a0000)
  eden space 98880K, 100% used [0x00000000e0c00000, 0x00000000e6c90000, 0x00000000e6c90000)
  from space 12352K,  20% used [0x00000000e78a0000, 0x00000000e7b147c0, 0x00000000e84b0000)
  to   space 12352K,   0% used [0x00000000e6c90000, 0x00000000e6c90000, 0x00000000e78a0000)
 tenured generation   total 247012K, used 156129K [0x00000000eb2a0000, 0x00000000fa3d9000, 0x0000000100000000)
   the space 247012K,  63% used [0x00000000eb2a0000, 0x00000000f4b18490, 0x00000000f4b18600, 0x00000000fa3d9000)
 Metaspace       used 100948K, capacity 108253K, committed 108568K, reserved 1144832K
  class space    used 11296K, capacity 13683K, committed 13696K, reserved 1048576K
}
Event: 1659.882 GC heap after
{Heap after GC invocations=112 (full 7):
 def new generation   total 111232K, used 7762K [0x00000000e0c00000, 0x00000000e84b0000, 0x00000000eb2a0000)
  eden space 98880K,   0% used [0x00000000e0c00000, 0x00000000e0c00000, 0x00000000e6c90000)
  from space 12352K,  62% used [0x00000000e6c90000, 0x00000000e7424800, 0x00000000e78a0000)
  to   space 12352K,   0% used [0x00000000e78a0000, 0x00000000e78a0000, 0x00000000e84b0000)
 tenured generation   total 247012K, used 156129K [0x00000000eb2a0000, 0x00000000fa3d9000, 0x0000000100000000)
   the space 247012K,  63% used [0x00000000eb2a0000, 0x00000000f4b18490, 0x00000000f4b18600, 0x00000000fa3d9000)
 Metaspace       used 100948K, capacity 108253K, committed 108568K, reserved 1144832K
  class space    used 11296K, capacity 13683K, committed 13696K, reserved 1048576K
}
Event: 1672.318 GC heap before
{Heap before GC invocations=112 (full 7):
 def new generation   total 111232K, used 106642K [0x00000000e0c00000, 0x00000000e84b0000, 0x00000000eb2a0000)
  eden space 98880K, 100% used [0x00000000e0c00000, 0x00000000e6c90000, 0x00000000e6c90000)
  from space 12352K,  62% used [0x00000000e6c90000, 0x00000000e7424800, 0x00000000e78a0000)
  to   space 12352K,   0% used [0x00000000e78a0000, 0x00000000e78a0000, 0x00000000e84b0000)
 tenured generation   total 247012K, used 156129K [0x00000000eb2a0000, 0x00000000fa3d9000, 0x0000000100000000)
   the space 247012K,  63% used [0x00000000eb2a0000, 0x00000000f4b18490, 0x00000000f4b18600, 0x00000000fa3d9000)
 Metaspace       used 101073K, capacity 108333K, committed 108568K, reserved 1144832K
  class space    used 11314K, capacity 13688K, committed 13696K, reserved 1048576K
}
Event: 1672.354 GC heap after
{Heap after GC invocations=113 (full 7):
 def new generation   total 111232K, used 2926K [0x00000000e0c00000, 0x00000000e84b0000, 0x00000000eb2a0000)
  eden space 98880K,   0% used [0x00000000e0c00000, 0x00000000e0c00000, 0x00000000e6c90000)
  from space 12352K,  23% used [0x00000000e78a0000, 0x00000000e7b7b958, 0x00000000e84b0000)
  to   space 12352K,   0% used [0x00000000e6c90000, 0x00000000e6c90000, 0x00000000e78a0000)
 tenured generation   total 247012K, used 162462K [0x00000000eb2a0000, 0x00000000fa3d9000, 0x0000000100000000)
   the space 247012K,  65% used [0x00000000eb2a0000, 0x00000000f51478c8, 0x00000000f5147a00, 0x00000000fa3d9000)
 Metaspace       used 101073K, capacity 108333K, committed 108568K, reserved 1144832K
  class space    used 11314K, capacity 13688K, committed 13696K, reserved 1048576K
}
Event: 1696.784 GC heap before
{Heap before GC invocations=113 (full 7):
 def new generation   total 111232K, used 101806K [0x00000000e0c00000, 0x00000000e84b0000, 0x00000000eb2a0000)
  eden space 98880K, 100% used [0x00000000e0c00000, 0x00000000e6c90000, 0x00000000e6c90000)
  from space 12352K,  23% used [0x00000000e78a0000, 0x00000000e7b7b958, 0x00000000e84b0000)
  to   space 12352K,   0% used [0x00000000e6c90000, 0x00000000e6c90000, 0x00000000e78a0000)
 tenured generation   total 247012K, used 162462K [0x00000000eb2a0000, 0x00000000fa3d9000, 0x0000000100000000)
   the space 247012K,  65% used [0x00000000eb2a0000, 0x00000000f51478c8, 0x00000000f5147a00, 0x00000000fa3d9000)
 Metaspace       used 101085K, capacity 108333K, committed 108568K, reserved 1144832K
  class space    used 11314K, capacity 13688K, committed 13696K, reserved 1048576K
}
Event: 1696.801 GC heap after
{Heap after GC invocations=114 (full 7):
 def new generation   total 111232K, used 4162K [0x00000000e0c00000, 0x00000000e84b0000, 0x00000000eb2a0000)
  eden space 98880K,   0% used [0x00000000e0c00000, 0x00000000e0c00000, 0x00000000e6c90000)
  from space 12352K,  33% used [0x00000000e6c90000, 0x00000000e70a0aa8, 0x00000000e78a0000)
  to   space 12352K,   0% used [0x00000000e78a0000, 0x00000000e78a0000, 0x00000000e84b0000)
 tenured generation   total 247012K, used 162462K [0x00000000eb2a0000, 0x00000000fa3d9000, 0x0000000100000000)
   the space 247012K,  65% used [0x00000000eb2a0000, 0x00000000f51478c8, 0x00000000f5147a00, 0x00000000fa3d9000)
 Metaspace       used 101085K, capacity 108333K, committed 108568K, reserved 1144832K
  class space    used 11314K, capacity 13688K, committed 13696K, reserved 1048576K
}
Event: 1730.673 GC heap before
{Heap before GC invocations=114 (full 7):
 def new generation   total 111232K, used 103042K [0x00000000e0c00000, 0x00000000e84b0000, 0x00000000eb2a0000)
  eden space 98880K, 100% used [0x00000000e0c00000, 0x00000000e6c90000, 0x00000000e6c90000)
  from space 12352K,  33% used [0x00000000e6c90000, 0x00000000e70a0aa8, 0x00000000e78a0000)
  to   space 12352K,   0% used [0x00000000e78a0000, 0x00000000e78a0000, 0x00000000e84b0000)
 tenured generation   total 247012K, used 162462K [0x00000000eb2a0000, 0x00000000fa3d9000, 0x0000000100000000)
   the space 247012K,  65% used [0x00000000eb2a0000, 0x00000000f51478c8, 0x00000000f5147a00, 0x00000000fa3d9000)
 Metaspace       used 101126K, capacity 108335K, committed 108568K, reserved 1144832K
  class space    used 11314K, capacity 13688K, committed 13696K, reserved 1048576K
}
Event: 1730.685 GC heap after
{Heap after GC invocations=115 (full 7):
 def new generation   total 111232K, used 3249K [0x00000000e0c00000, 0x00000000e84b0000, 0x00000000eb2a0000)
  eden space 98880K,   0% used [0x00000000e0c00000, 0x00000000e0c00000, 0x00000000e6c90000)
  from space 12352K,  26% used [0x00000000e78a0000, 0x00000000e7bcc450, 0x00000000e84b0000)
  to   space 12352K,   0% used [0x00000000e6c90000, 0x00000000e6c90000, 0x00000000e78a0000)
 tenured generation   total 247012K, used 162462K [0x00000000eb2a0000, 0x00000000fa3d9000, 0x0000000100000000)
   the space 247012K,  65% used [0x00000000eb2a0000, 0x00000000f51478c8, 0x00000000f5147a00, 0x00000000fa3d9000)
 Metaspace       used 101126K, capacity 108335K, committed 108568K, reserved 1144832K
  class space    used 11314K, capacity 13688K, committed 13696K, reserved 1048576K
}
Event: 1771.982 GC heap before
{Heap before GC invocations=115 (full 7):
 def new generation   total 111232K, used 102129K [0x00000000e0c00000, 0x00000000e84b0000, 0x00000000eb2a0000)
  eden space 98880K, 100% used [0x00000000e0c00000, 0x00000000e6c90000, 0x00000000e6c90000)
  from space 12352K,  26% used [0x00000000e78a0000, 0x00000000e7bcc450, 0x00000000e84b0000)
  to   space 12352K,   0% used [0x00000000e6c90000, 0x00000000e6c90000, 0x00000000e78a0000)
 tenured generation   total 247012K, used 162462K [0x00000000eb2a0000, 0x00000000fa3d9000, 0x0000000100000000)
   the space 247012K,  65% used [0x00000000eb2a0000, 0x00000000f51478c8, 0x00000000f5147a00, 0x00000000fa3d9000)
 Metaspace       used 101137K, capacity 108335K, committed 108568K, reserved 1144832K
  class space    used 11315K, capacity 13688K, committed 13696K, reserved 1048576K
}
Event: 1771.998 GC heap after
{Heap after GC invocations=116 (full 7):
 def new generation   total 111232K, used 4261K [0x00000000e0c00000, 0x00000000e84b0000, 0x00000000eb2a0000)
  eden space 98880K,   0% used [0x00000000e0c00000, 0x00000000e0c00000, 0x00000000e6c90000)
  from space 12352K,  34% used [0x00000000e6c90000, 0x00000000e70b9740, 0x00000000e78a0000)
  to   space 12352K,   0% used [0x00000000e78a0000, 0x00000000e78a0000, 0x00000000e84b0000)
 tenured generation   total 247012K, used 162462K [0x00000000eb2a0000, 0x00000000fa3d9000, 0x0000000100000000)
   the space 247012K,  65% used [0x00000000eb2a0000, 0x00000000f51478c8, 0x00000000f5147a00, 0x00000000fa3d9000)
 Metaspace       used 101137K, capacity 108335K, committed 108568K, reserved 1144832K
  class space    used 11315K, capacity 13688K, committed 13696K, reserved 1048576K
}

