# JRE version: OpenJDK Runtime Environment (11.0.18+10) (build 11.0.18+10-post-Ubuntu-0ubuntu118.04.1)
# Java VM: OpenJDK 64-Bit Server VM (11.0.18+10-post-Ubuntu-0ubuntu118.04.1, mixed mode, sharing, tiered, compressed oops, serial gc, linux-amd64)
Heap:
 def new generation   total 51840K, used 34965K [0x00000000e0c00000, 0x00000000e4440000, 0x00000000eb2a0000)
  eden space 46080K,  74% used [0x00000000e0c00000, 0x00000000e2d7eaa8, 0x00000000e3900000)
  from space 5760K,  11% used [0x00000000e3900000, 0x00000000e39a69f8, 0x00000000e3ea0000)
  to   space 5760K,   0% used [0x00000000e3ea0000, 0x00000000e3ea0000, 0x00000000e4440000)
 tenured generation   total 115000K, used 87292K [0x00000000eb2a0000, 0x00000000f22ee000, 0x0000000100000000)
   the space 115000K,  75% used [0x00000000eb2a0000, 0x00000000f07df3f8, 0x00000000f07df400, 0x00000000f22ee000)
 Metaspace       used 82839K, capacity 89224K, committed 89624K, reserved 1128448K
  class space    used 9227K, capacity 11293K, committed 11392K, reserved 1048576K
GC Heap History (20 events):
Event: 5234.785 GC heap before
{Heap before GC invocations=161 (full 5):
 def new generation   total 51840K, used 46907K [0x00000000e0c00000, 0x00000000e4440000, 0x00000000eb2a0000)
  eden space 46080K, 100% used [0x00000000e0c00000, 0x00000000e3900000, 0x00000000e3900000)
  from space 5760K,  14% used [0x00000000e3900000, 0x00000000e39cec10, 0x00000000e3ea0000)
  to   space 5760K,   0% used [0x00000000e3ea0000, 0x00000000e3ea0000, 0x00000000e4440000)
 tenured generation   total 115000K, used 87102K [0x00000000eb2a0000, 0x00000000f22ee000, 0x0000000100000000)
   the space 115000K,  75% used [0x00000000eb2a0000, 0x00000000f07af9e0, 0x00000000f07afa00, 0x00000000f22ee000)
 Metaspace       used 82802K, capacity 89223K, committed 89624K, reserved 1128448K
  class space    used 9227K, capacity 11293K, committed 11392K, reserved 1048576K
}
Event: 5234.788 GC heap after
{Heap after GC invocations=162 (full 5):
 def new generation   total 51840K, used 574K [0x00000000e0c00000, 0x00000000e4440000, 0x00000000eb2a0000)
  eden space 46080K,   0% used [0x00000000e0c00000, 0x00000000e0c00000, 0x00000000e3900000)
  from space 5760K,   9% used [0x00000000e3ea0000, 0x00000000e3f2fae0, 0x00000000e4440000)
  to   space 5760K,   0% used [0x00000000e3900000, 0x00000000e3900000, 0x00000000e3ea0000)
 tenured generation   total 115000K, used 87119K [0x00000000eb2a0000, 0x00000000f22ee000, 0x0000000100000000)
   the space 115000K,  75% used [0x00000000eb2a0000, 0x00000000f07b3fc8, 0x00000000f07b4000, 0x00000000f22ee000)
 Metaspace       used 82802K, capacity 89223K, committed 89624K, reserved 1128448K
  class space    used 9227K, capacity 11293K, committed 11392K, reserved 1048576K
}
Event: 5267.564 GC heap before
{Heap before GC invocations=162 (full 5):
 def new generation   total 51840K, used 46654K [0x00000000e0c00000, 0x00000000e4440000, 0x00000000eb2a0000)
  eden space 46080K, 100% used [0x00000000e0c00000, 0x00000000e3900000, 0x00000000e3900000)
  from space 5760K,   9% used [0x00000000e3ea0000, 0x00000000e3f2fae0, 0x00000000e4440000)
  to   space 5760K,   0% used [0x00000000e3900000, 0x00000000e3900000, 0x00000000e3ea0000)
 tenured generation   total 115000K, used 87119K [0x00000000eb2a0000, 0x00000000f22ee000, 0x0000000100000000)
   the space 115000K,  75% used [0x00000000eb2a0000, 0x00000000f07b3fc8, 0x00000000f07b4000, 0x00000000f22ee000)
 Metaspace       used 82802K, capacity 89223K, committed 89624K, reserved 1128448K
  class space    used 9227K, capacity 11293K, committed 11392K, reserved 1048576K
}
Event: 5267.571 GC heap after
{Heap after GC invocations=163 (full 5):
 def new generation   total 51840K, used 283K [0x00000000e0c00000, 0x00000000e4440000, 0x00000000eb2a0000)
  eden space 46080K,   0% used [0x00000000e0c00000, 0x00000000e0c00000, 0x00000000e3900000)
  from space 5760K,   4% used [0x00000000e3900000, 0x00000000e3946c98, 0x00000000e3ea0000)
  to   space 5760K,   0% used [0x00000000e3ea0000, 0x00000000e3ea0000, 0x00000000e4440000)
 tenured generation   total 115000K, used 87142K [0x00000000eb2a0000, 0x00000000f22ee000, 0x0000000100000000)
   the space 115000K,  75% used [0x00000000eb2a0000, 0x00000000f07b9a10, 0x00000000f07b9c00, 0x00000000f22ee000)
 Metaspace       used 82802K, capacity 89223K, committed 89624K, reserved 1128448K
  class space    used 9227K, capacity 11293K, committed 11392K, reserved 1048576K
}
Event: 5308.213 GC heap before
{Heap before GC invocations=163 (full 5):
 def new generation   total 51840K, used 46363K [0x00000000e0c00000, 0x00000000e4440000, 0x00000000eb2a0000)
  eden space 46080K, 100% used [0x00000000e0c00000, 0x00000000e3900000, 0x00000000e3900000)
  from space 5760K,   4% used [0x00000000e3900000, 0x00000000e3946c98, 0x00000000e3ea0000)
  to   space 5760K,   0% used [0x00000000e3ea0000, 0x00000000e3ea0000, 0x00000000e4440000)
 tenured generation   total 115000K, used 87142K [0x00000000eb2a0000, 0x00000000f22ee000, 0x0000000100000000)
   the space 115000K,  75% used [0x00000000eb2a0000, 0x00000000f07b9a10, 0x00000000f07b9c00, 0x00000000f22ee000)
 Metaspace       used 82802K, capacity 89223K, committed 89624K, reserved 1128448K
  class space    used 9227K, capacity 11293K, committed 11392K, reserved 1048576K
}
Event: 5308.218 GC heap after
{Heap after GC invocations=164 (full 5):
 def new generation   total 51840K, used 768K [0x00000000e0c00000, 0x00000000e4440000, 0x00000000eb2a0000)
  eden space 46080K,   0% used [0x00000000e0c00000, 0x00000000e0c00000, 0x00000000e3900000)
  from space 5760K,  13% used [0x00000000e3ea0000, 0x00000000e3f601a8, 0x00000000e4440000)
  to   space 5760K,   0% used [0x00000000e3900000, 0x00000000e3900000, 0x00000000e3ea0000)
 tenured generation   total 115000K, used 87159K [0x00000000eb2a0000, 0x00000000f22ee000, 0x0000000100000000)
   the space 115000K,  75% used [0x00000000eb2a0000, 0x00000000f07bdc98, 0x00000000f07bde00, 0x00000000f22ee000)
 Metaspace       used 82802K, capacity 89223K, committed 89624K, reserved 1128448K
  class space    used 9227K, capacity 11293K, committed 11392K, reserved 1048576K
}
Event: 5452.410 GC heap before
{Heap before GC invocations=164 (full 5):
 def new generation   total 51840K, used 46848K [0x00000000e0c00000, 0x00000000e4440000, 0x00000000eb2a0000)
  eden space 46080K, 100% used [0x00000000e0c00000, 0x00000000e3900000, 0x00000000e3900000)
  from space 5760K,  13% used [0x00000000e3ea0000, 0x00000000e3f601a8, 0x00000000e4440000)
  to   space 5760K,   0% used [0x00000000e3900000, 0x00000000e3900000, 0x00000000e3ea0000)
 tenured generation   total 115000K, used 87159K [0x00000000eb2a0000, 0x00000000f22ee000, 0x0000000100000000)
   the space 115000K,  75% used [0x00000000eb2a0000, 0x00000000f07bdc98, 0x00000000f07bde00, 0x00000000f22ee000)
 Metaspace       used 82803K, capacity 89223K, committed 89624K, reserved 1128448K
  class space    used 9227K, capacity 11293K, committed 11392K, reserved 1048576K
}
Event: 5452.418 GC heap after
{Heap after GC invocations=165 (full 5):
 def new generation   total 51840K, used 604K [0x00000000e0c00000, 0x00000000e4440000, 0x00000000eb2a0000)
  eden space 46080K,   0% used [0x00000000e0c00000, 0x00000000e0c00000, 0x00000000e3900000)
  from space 5760K,  10% used [0x00000000e3900000, 0x00000000e3997158, 0x00000000e3ea0000)
  to   space 5760K,   0% used [0x00000000e3ea0000, 0x00000000e3ea0000, 0x00000000e4440000)
 tenured generation   total 115000K, used 87178K [0x00000000eb2a0000, 0x00000000f22ee000, 0x0000000100000000)
   the space 115000K,  75% used [0x00000000eb2a0000, 0x00000000f07c2b30, 0x00000000f07c2c00, 0x00000000f22ee000)
 Metaspace       used 82803K, capacity 89223K, committed 89624K, reserved 1128448K
  class space    used 9227K, capacity 11293K, committed 11392K, reserved 1048576K
}
Event: 5532.135 GC heap before
{Heap before GC invocations=165 (full 5):
 def new generation   total 51840K, used 46684K [0x00000000e0c00000, 0x00000000e4440000, 0x00000000eb2a0000)
  eden space 46080K, 100% used [0x00000000e0c00000, 0x00000000e3900000, 0x00000000e3900000)
  from space 5760K,  10% used [0x00000000e3900000, 0x00000000e3997158, 0x00000000e3ea0000)
  to   space 5760K,   0% used [0x00000000e3ea0000, 0x00000000e3ea0000, 0x00000000e4440000)
 tenured generation   total 115000K, used 87178K [0x00000000eb2a0000, 0x00000000f22ee000, 0x0000000100000000)
   the space 115000K,  75% used [0x00000000eb2a0000, 0x00000000f07c2b30, 0x00000000f07c2c00, 0x00000000f22ee000)
 Metaspace       used 82804K, capacity 89223K, committed 89624K, reserved 1128448K
  class space    used 9227K, capacity 11293K, committed 11392K, reserved 1048576K
}
Event: 5532.185 GC heap after
{Heap after GC invocations=166 (full 5):
 def new generation   total 51840K, used 917K [0x00000000e0c00000, 0x00000000e4440000, 0x00000000eb2a0000)
  eden space 46080K,   0% used [0x00000000e0c00000, 0x00000000e0c00000, 0x00000000e3900000)
  from space 5760K,  15% used [0x00000000e3ea0000, 0x00000000e3f85560, 0x00000000e4440000)
  to   space 5760K,   0% used [0x00000000e3900000, 0x00000000e3900000, 0x00000000e3ea0000)
 tenured generation   total 115000K, used 87196K [0x00000000eb2a0000, 0x00000000f22ee000, 0x0000000100000000)
   the space 115000K,  75% used [0x00000000eb2a0000, 0x00000000f07c7258, 0x00000000f07c7400, 0x00000000f22ee000)
 Metaspace       used 82804K, capacity 89223K, committed 89624K, reserved 1128448K
  class space    used 9227K, capacity 11293K, committed 11392K, reserved 1048576K
}
Event: 5627.444 GC heap before
{Heap before GC invocations=166 (full 5):
 def new generation   total 51840K, used 46997K [0x00000000e0c00000, 0x00000000e4440000, 0x00000000eb2a0000)
  eden space 46080K, 100% used [0x00000000e0c00000, 0x00000000e3900000, 0x00000000e3900000)
  from space 5760K,  15% used [0x00000000e3ea0000, 0x00000000e3f85560, 0x00000000e4440000)
  to   space 5760K,   0% used [0x00000000e3900000, 0x00000000e3900000, 0x00000000e3ea0000)
 tenured generation   total 115000K, used 87196K [0x00000000eb2a0000, 0x00000000f22ee000, 0x0000000100000000)
   the space 115000K,  75% used [0x00000000eb2a0000, 0x00000000f07c7258, 0x00000000f07c7400, 0x00000000f22ee000)
 Metaspace       used 82819K, capacity 89224K, committed 89624K, reserved 1128448K
  class space    used 9227K, capacity 11293K, committed 11392K, reserved 1048576K
}
Event: 5627.448 GC heap after
{Heap after GC invocations=167 (full 5):
 def new generation   total 51840K, used 683K [0x00000000e0c00000, 0x00000000e4440000, 0x00000000eb2a0000)
  eden space 46080K,   0% used [0x00000000e0c00000, 0x00000000e0c00000, 0x00000000e3900000)
  from space 5760K,  11% used [0x00000000e3900000, 0x00000000e39aaf48, 0x00000000e3ea0000)
  to   space 5760K,   0% used [0x00000000e3ea0000, 0x00000000e3ea0000, 0x00000000e4440000)
 tenured generation   total 115000K, used 87212K [0x00000000eb2a0000, 0x00000000f22ee000, 0x0000000100000000)
   the space 115000K,  75% used [0x00000000eb2a0000, 0x00000000f07cb138, 0x00000000f07cb200, 0x00000000f22ee000)
 Metaspace       used 82819K, capacity 89224K, committed 89624K, reserved 1128448K
  class space    used 9227K, capacity 11293K, committed 11392K, reserved 1048576K
}
Event: 5660.161 GC heap before
{Heap before GC invocations=167 (full 5):
 def new generation   total 51840K, used 46763K [0x00000000e0c00000, 0x00000000e4440000, 0x00000000eb2a0000)
  eden space 46080K, 100% used [0x00000000e0c00000, 0x00000000e3900000, 0x00000000e3900000)
  from space 5760K,  11% used [0x00000000e3900000, 0x00000000e39aaf48, 0x00000000e3ea0000)
  to   space 5760K,   0% used [0x00000000e3ea0000, 0x00000000e3ea0000, 0x00000000e4440000)
 tenured generation   total 115000K, used 87212K [0x00000000eb2a0000, 0x00000000f22ee000, 0x0000000100000000)
   the space 115000K,  75% used [0x00000000eb2a0000, 0x00000000f07cb138, 0x00000000f07cb200, 0x00000000f22ee000)
 Metaspace       used 82826K, capacity 89224K, committed 89624K, reserved 1128448K
  class space    used 9227K, capacity 11293K, committed 11392K, reserved 1048576K
}
Event: 5660.165 GC heap after
{Heap after GC invocations=168 (full 5):
 def new generation   total 51840K, used 815K [0x00000000e0c00000, 0x00000000e4440000, 0x00000000eb2a0000)
  eden space 46080K,   0% used [0x00000000e0c00000, 0x00000000e0c00000, 0x00000000e3900000)
  from space 5760K,  14% used [0x00000000e3ea0000, 0x00000000e3f6bcb0, 0x00000000e4440000)
  to   space 5760K,   0% used [0x00000000e3900000, 0x00000000e3900000, 0x00000000e3ea0000)
 tenured generation   total 115000K, used 87234K [0x00000000eb2a0000, 0x00000000f22ee000, 0x0000000100000000)
   the space 115000K,  75% used [0x00000000eb2a0000, 0x00000000f07d0b90, 0x00000000f07d0c00, 0x00000000f22ee000)
 Metaspace       used 82826K, capacity 89224K, committed 89624K, reserved 1128448K
  class space    used 9227K, capacity 11293K, committed 11392K, reserved 1048576K
}
Event: 5713.132 GC heap before
{Heap before GC invocations=168 (full 5):
 def new generation   total 51840K, used 46895K [0x00000000e0c00000, 0x00000000e4440000, 0x00000000eb2a0000)
  eden space 46080K, 100% used [0x00000000e0c00000, 0x00000000e3900000, 0x00000000e3900000)
  from space 5760K,  14% used [0x00000000e3ea0000, 0x00000000e3f6bcb0, 0x00000000e4440000)
  to   space 5760K,   0% used [0x00000000e3900000, 0x00000000e3900000, 0x00000000e3ea0000)
 tenured generation   total 115000K, used 87234K [0x00000000eb2a0000, 0x00000000f22ee000, 0x0000000100000000)
   the space 115000K,  75% used [0x00000000eb2a0000, 0x00000000f07d0b90, 0x00000000f07d0c00, 0x00000000f22ee000)
 Metaspace       used 82838K, capacity 89224K, committed 89624K, reserved 1128448K
  class space    used 9227K, capacity 11293K, committed 11392K, reserved 1048576K
}
Event: 5713.137 GC heap after
{Heap after GC invocations=169 (full 5):
 def new generation   total 51840K, used 996K [0x00000000e0c00000, 0x00000000e4440000, 0x00000000eb2a0000)
  eden space 46080K,   0% used [0x00000000e0c00000, 0x00000000e0c00000, 0x00000000e3900000)
  from space 5760K,  17% used [0x00000000e3900000, 0x00000000e39f92b0, 0x00000000e3ea0000)
  to   space 5760K,   0% used [0x00000000e3ea0000, 0x00000000e3ea0000, 0x00000000e4440000)
 tenured generation   total 115000K, used 87254K [0x00000000eb2a0000, 0x00000000f22ee000, 0x0000000100000000)
   the space 115000K,  75% used [0x00000000eb2a0000, 0x00000000f07d5a28, 0x00000000f07d5c00, 0x00000000f22ee000)
 Metaspace       used 82838K, capacity 89224K, committed 89624K, reserved 1128448K
  class space    used 9227K, capacity 11293K, committed 11392K, reserved 1048576K
}
Event: 5819.191 GC heap before
{Heap before GC invocations=169 (full 5):
 def new generation   total 51840K, used 47076K [0x00000000e0c00000, 0x00000000e4440000, 0x00000000eb2a0000)
  eden space 46080K, 100% used [0x00000000e0c00000, 0x00000000e3900000, 0x00000000e3900000)
  from space 5760K,  17% used [0x00000000e3900000, 0x00000000e39f92b0, 0x00000000e3ea0000)
  to   space 5760K,   0% used [0x00000000e3ea0000, 0x00000000e3ea0000, 0x00000000e4440000)
 tenured generation   total 115000K, used 87254K [0x00000000eb2a0000, 0x00000000f22ee000, 0x0000000100000000)
   the space 115000K,  75% used [0x00000000eb2a0000, 0x00000000f07d5a28, 0x00000000f07d5c00, 0x00000000f22ee000)
 Metaspace       used 82838K, capacity 89224K, committed 89624K, reserved 1128448K
  class space    used 9227K, capacity 11293K, committed 11392K, reserved 1048576K
}
Event: 5819.241 GC heap after
{Heap after GC invocations=170 (full 5):
 def new generation   total 51840K, used 1100K [0x00000000e0c00000, 0x00000000e4440000, 0x00000000eb2a0000)
  eden space 46080K,   0% used [0x00000000e0c00000, 0x00000000e0c00000, 0x00000000e3900000)
  from space 5760K,  19% used [0x00000000e3ea0000, 0x00000000e3fb3310, 0x00000000e4440000)
  to   space 5760K,   0% used [0x00000000e3900000, 0x00000000e3900000, 0x00000000e3ea0000)
 tenured generation   total 115000K, used 87271K [0x00000000eb2a0000, 0x00000000f22ee000, 0x0000000100000000)
   the space 115000K,  75% used [0x00000000eb2a0000, 0x00000000f07d9d10, 0x00000000f07d9e00, 0x00000000f22ee000)
 Metaspace       used 82838K, capacity 89224K, committed 89624K, reserved 1128448K
  class space    used 9227K, capacity 11293K, committed 11392K, reserved 1048576K
}
Event: 5912.804 GC heap before
{Heap before GC invocations=170 (full 5):
 def new generation   total 51840K, used 47180K [0x00000000e0c00000, 0x00000000e4440000, 0x00000000eb2a0000)
  eden space 46080K, 100% used [0x00000000e0c00000, 0x00000000e3900000, 0x00000000e3900000)
  from space 5760K,  19% used [0x00000000e3ea0000, 0x00000000e3fb3310, 0x00000000e4440000)
  to   space 5760K,   0% used [0x00000000e3900000, 0x00000000e3900000, 0x00000000e3ea0000)
 tenured generation   total 115000K, used 87271K [0x00000000eb2a0000, 0x00000000f22ee000, 0x0000000100000000)
   the space 115000K,  75% used [0x00000000eb2a0000, 0x00000000f07d9d10, 0x00000000f07d9e00, 0x00000000f22ee000)
 Metaspace       used 82839K, capacity 89224K, committed 89624K, reserved 1128448K
  class space    used 9227K, capacity 11293K, committed 11392K, reserved 1048576K
}
Event: 5912.812 GC heap after
{Heap after GC invocations=171 (full 5):
 def new generation   total 51840K, used 666K [0x00000000e0c00000, 0x00000000e4440000, 0x00000000eb2a0000)
  eden space 46080K,   0% used [0x00000000e0c00000, 0x00000000e0c00000, 0x00000000e3900000)
  from space 5760K,  11% used [0x00000000e3900000, 0x00000000e39a69f8, 0x00000000e3ea0000)
  to   space 5760K,   0% used [0x00000000e3ea0000, 0x00000000e3ea0000, 0x00000000e4440000)
 tenured generation   total 115000K, used 87292K [0x00000000eb2a0000, 0x00000000f22ee000, 0x0000000100000000)
   the space 115000K,  75% used [0x00000000eb2a0000, 0x00000000f07df3f8, 0x00000000f07df400, 0x00000000f22ee000)
 Metaspace       used 82839K, capacity 89224K, committed 89624K, reserved 1128448K
  class space    used 9227K, capacity 11293K, committed 11392K, reserved 1048576K
}

